[2023-09-19T05:44:46.601+0000] {taskinstance.py:1157} INFO - Dependencies all met for dep_context=non-requeueable deps ti=<TaskInstance: ptt_stock_web_crawling_v0.web_crawling manual__2023-09-19T05:44:45.012706+00:00 [queued]>
[2023-09-19T05:44:46.605+0000] {taskinstance.py:1157} INFO - Dependencies all met for dep_context=requeueable deps ti=<TaskInstance: ptt_stock_web_crawling_v0.web_crawling manual__2023-09-19T05:44:45.012706+00:00 [queued]>
[2023-09-19T05:44:46.605+0000] {taskinstance.py:1359} INFO - Starting attempt 1 of 2
[2023-09-19T05:44:46.611+0000] {taskinstance.py:1380} INFO - Executing <Task(PythonOperator): web_crawling> on 2023-09-19 05:44:45.012706+00:00
[2023-09-19T05:44:46.621+0000] {standard_task_runner.py:57} INFO - Started process 17359 to run task
[2023-09-19T05:44:46.622+0000] {standard_task_runner.py:84} INFO - Running: ['***', 'tasks', 'run', 'ptt_stock_web_crawling_v0', 'web_crawling', 'manual__2023-09-19T05:44:45.012706+00:00', '--job-id', '258', '--raw', '--subdir', 'DAGS_FOLDER/crawling.py', '--cfg-path', '/tmp/tmp7dq87k2q']
[2023-09-19T05:44:46.624+0000] {standard_task_runner.py:85} INFO - Job 258: Subtask web_crawling
[2023-09-19T05:44:46.646+0000] {task_command.py:415} INFO - Running <TaskInstance: ptt_stock_web_crawling_v0.web_crawling manual__2023-09-19T05:44:45.012706+00:00 [running]> on host 329f58e34792
[2023-09-19T05:44:46.681+0000] {taskinstance.py:1660} INFO - Exporting env vars: AIRFLOW_CTX_DAG_OWNER='Angus Su' AIRFLOW_CTX_DAG_ID='ptt_stock_web_crawling_v0' AIRFLOW_CTX_TASK_ID='web_crawling' AIRFLOW_CTX_EXECUTION_DATE='2023-09-19T05:44:45.012706+00:00' AIRFLOW_CTX_TRY_NUMBER='1' AIRFLOW_CTX_DAG_RUN_ID='manual__2023-09-19T05:44:45.012706+00:00'
[2023-09-19T05:48:00.746+0000] {python.py:194} INFO - Done. Returned value was:                              title  ...                                            comment
0                   [公告] 09/19水桶公告  ...  [可惜只有30天, 可惜只有30天, 可惜只有30天, 可惜只有30天, yu byebye...
1        [新聞] 【朱國榮逃亡內幕1】為潛逃神布局 朱國榮  ...  [這就是台灣，早就該管收, 幾十年來漏洞，政客都在放水, 有看過日韓法律被這樣搞嗎，真的落後...
2          [新聞] 上市前夕…鑽石生技宣布結盟諦醫攻新藥  ...  [今天看來要大漲囉, 生技元年, 熟悉的生技炒法最對味, 生技利多又上報，走勢你我都知道，看...
3             [閒聊] 2023/09/19 盤中閒聊  ...  [早, 丸子, 穩了 = =, QQ, 同分同秒發 算誰贏, 大爆噴 cc, 晴雯出馬 空空...
4    Re: [新聞] 台積電落難大殺台股147點 政府坐鎮護盤  ...  [黑手：你咬我, 半年後有重要的事 = =, 這是什麼廢文?, 萬六護盤又不是第一次...,...
..                             ...  ...                                                ...
153       [新聞] 擁華為、AI題材！亞馬遜可望成華通新成  ...  [台股東巴重返榮耀, 最懂蘋果的也懂華為喔, 新聞出來見糕點, 郭明錤當年跳槽的原因就是為了...
154    [新聞] 文曄砸1200億併Future　股價跳空漲停  ...  [有fu糗, fu糗, 買fu糗，有fu糗, 很有Fu糗, 買fu糗, 先連噴五根, 有fu...
155       [新聞] 華為手機晶片良率 打臉一票外媒？台積電  ...  [不錯 5成的良率 XD, 中時不意外，5成良率這樣也爽, 五成良率….確定有欸！, 從蹲麻...
156            [新聞] AI題材搶眼 光通訊族群放閃  ...  [出貨, 這幾支反應很久了..等整理完吧, 愛炒作，死好, 華星光，60都太貴, 毛利這麼低...
157             [新聞] 美國牽緊越南 催動晶片合作  ...  [00885, 兩邊都是做老千的，看誰會贏！哈, 繞了一圈最終還是回到台灣, 好 又白越正,...

[158 rows x 8 columns]
[2023-09-19T05:48:00.844+0000] {taskinstance.py:1398} INFO - Marking task as SUCCESS. dag_id=ptt_stock_web_crawling_v0, task_id=web_crawling, execution_date=20230919T054445, start_date=20230919T054446, end_date=20230919T054800
[2023-09-19T05:48:00.901+0000] {local_task_job_runner.py:228} INFO - Task exited with return code 0
[2023-09-19T05:48:00.914+0000] {taskinstance.py:2776} INFO - 1 downstream tasks scheduled from follow-on schedule check
