[2023-09-19T06:52:29.168+0000] {taskinstance.py:1157} INFO - Dependencies all met for dep_context=non-requeueable deps ti=<TaskInstance: ppt_stock_web_crawling_taskflow_api.crawling manual__2023-09-19T06:52:27.642123+00:00 [queued]>
[2023-09-19T06:52:29.172+0000] {taskinstance.py:1157} INFO - Dependencies all met for dep_context=requeueable deps ti=<TaskInstance: ppt_stock_web_crawling_taskflow_api.crawling manual__2023-09-19T06:52:27.642123+00:00 [queued]>
[2023-09-19T06:52:29.172+0000] {taskinstance.py:1359} INFO - Starting attempt 1 of 1
[2023-09-19T06:52:29.179+0000] {taskinstance.py:1380} INFO - Executing <Task(_PythonDecoratedOperator): crawling> on 2023-09-19 06:52:27.642123+00:00
[2023-09-19T06:52:29.186+0000] {standard_task_runner.py:57} INFO - Started process 18464 to run task
[2023-09-19T06:52:29.188+0000] {standard_task_runner.py:84} INFO - Running: ['***', 'tasks', 'run', 'ppt_stock_web_crawling_taskflow_api', 'crawling', 'manual__2023-09-19T06:52:27.642123+00:00', '--job-id', '261', '--raw', '--subdir', 'DAGS_FOLDER/crawling _task_flow.py', '--cfg-path', '/tmp/tmpz9m6dzz4']
[2023-09-19T06:52:29.190+0000] {standard_task_runner.py:85} INFO - Job 261: Subtask crawling
[2023-09-19T06:52:29.212+0000] {task_command.py:415} INFO - Running <TaskInstance: ppt_stock_web_crawling_taskflow_api.crawling manual__2023-09-19T06:52:27.642123+00:00 [running]> on host 329f58e34792
[2023-09-19T06:52:29.250+0000] {taskinstance.py:1660} INFO - Exporting env vars: AIRFLOW_CTX_DAG_OWNER='***' AIRFLOW_CTX_DAG_ID='ppt_stock_web_crawling_taskflow_api' AIRFLOW_CTX_TASK_ID='crawling' AIRFLOW_CTX_EXECUTION_DATE='2023-09-19T06:52:27.642123+00:00' AIRFLOW_CTX_TRY_NUMBER='1' AIRFLOW_CTX_DAG_RUN_ID='manual__2023-09-19T06:52:27.642123+00:00'
[2023-09-19T06:56:03.049+0000] {python.py:194} INFO - Done. Returned value was:                               title  ...                                            comment
0              [閒聊] 2023/09/19 盤後閒聊  ...  [https://i.imgur.com/1pM8Yi6.jpg, https://i.im...
1    [情報] 2002 中鋼 8月自結 稅前淨利42,107千元  ...  [春燕, 樓下 焦, 春燕真的來惹～, 春燕已死, 春燕終於 不是焦阿巴, 要貼幾次? 套很...
2           [新聞] 東陽獲日系、本土法人按讚 股價創新高  ...  [折折股, 按讚文, 出貨吧！, 我只買新東陽, 按讚出貨, 按讚必噓, 去年ABF 202...
3                      [創作]對面的女孩看過來  ...  [92分, Ok 有資格參選自救會會歌, 給過, 不錯 給個90分!, 87分, https...
4                 [標的] 1558.TW 伸興 多  ...  [想知道是什麼經驗讓你覺得明年會有高潮..., 我線仙啦，以往的經驗就是以前的線型，大概4這...
..                              ...  ...                                                ...
140          Re: [心得] 詐騙集團是不是真的都很無情  ...  [你都不怕被找到本人喔, 這種只敢在背後騙錢，打打嘴砲而已, 敢找本人的應該去討債或黑道, ...
141            [請益] 債券ETFv.s.高股息ETF  ...  [債券不紅吧, 殖利率是債券在看的, 明明部到5趴, 9900679B, 6%是怎麼算的, ...
142       [新聞] 美股股利稅率可能從 30% 降到 10%  ...  [爽欸, 噴, 讚歐!, 我們來去美股吧, 6／26的新聞 現在貼？, 噴爆, 欸這樣是不是...
143             [情報] 0915 上市外資買賣超排行  ...  [大買陽長萬 我看見台股的希望！, 果然小兒倒緯創給大哥, 長榮航賣不下去是神秘黑手?, G...
144            [請益] MSCI.Inc vs. VT  ...  [差在一個是個股一個是ETF, 我知道，我想表達買MSCI=投資全球？, 這讓我想到之前有人...

[145 rows x 8 columns]
[2023-09-19T06:56:03.155+0000] {taskinstance.py:1398} INFO - Marking task as SUCCESS. dag_id=ppt_stock_web_crawling_taskflow_api, task_id=crawling, execution_date=20230919T065227, start_date=20230919T065229, end_date=20230919T065603
[2023-09-19T06:56:03.207+0000] {local_task_job_runner.py:228} INFO - Task exited with return code 0
[2023-09-19T06:56:03.221+0000] {taskinstance.py:2776} INFO - 1 downstream tasks scheduled from follow-on schedule check
