[2023-09-18T15:19:00.652+0000] {taskinstance.py:1157} INFO - Dependencies all met for dep_context=non-requeueable deps ti=<TaskInstance: ptt_stock_web_crawling_v0.chunkdata scheduled__2023-09-17T15:16:31.590488+00:00 [queued]>
[2023-09-18T15:19:00.656+0000] {taskinstance.py:1157} INFO - Dependencies all met for dep_context=requeueable deps ti=<TaskInstance: ptt_stock_web_crawling_v0.chunkdata scheduled__2023-09-17T15:16:31.590488+00:00 [queued]>
[2023-09-18T15:19:00.656+0000] {taskinstance.py:1359} INFO - Starting attempt 1 of 2
[2023-09-18T15:19:00.663+0000] {taskinstance.py:1380} INFO - Executing <Task(PythonOperator): chunkdata> on 2023-09-17 15:16:31.590488+00:00
[2023-09-18T15:19:00.673+0000] {standard_task_runner.py:57} INFO - Started process 3898 to run task
[2023-09-18T15:19:00.675+0000] {standard_task_runner.py:84} INFO - Running: ['***', 'tasks', 'run', 'ptt_stock_web_crawling_v0', 'chunkdata', 'scheduled__2023-09-17T15:16:31.590488+00:00', '--job-id', '254', '--raw', '--subdir', 'DAGS_FOLDER/crawling.py', '--cfg-path', '/tmp/tmpj9cnxd3x']
[2023-09-18T15:19:00.676+0000] {standard_task_runner.py:85} INFO - Job 254: Subtask chunkdata
[2023-09-18T15:19:00.705+0000] {task_command.py:415} INFO - Running <TaskInstance: ptt_stock_web_crawling_v0.chunkdata scheduled__2023-09-17T15:16:31.590488+00:00 [running]> on host 329f58e34792
[2023-09-18T15:19:00.739+0000] {taskinstance.py:1660} INFO - Exporting env vars: AIRFLOW_CTX_DAG_OWNER='Angus Su' AIRFLOW_CTX_DAG_ID='ptt_stock_web_crawling_v0' AIRFLOW_CTX_TASK_ID='chunkdata' AIRFLOW_CTX_EXECUTION_DATE='2023-09-17T15:16:31.590488+00:00' AIRFLOW_CTX_TRY_NUMBER='1' AIRFLOW_CTX_DAG_RUN_ID='scheduled__2023-09-17T15:16:31.590488+00:00'
[2023-09-18T15:19:00.779+0000] {logging_mixin.py:151} INFO - 資料處理
[2023-09-18T15:19:00.800+0000] {logging_mixin.py:151} INFO -      index  ...                                            comment
0       0  ...          [你可以推文, 這篇可以退下了, 您的見解真精闢, 這樣也能一篇？是不會推文膩？]
1       1  ...  [國家隊繼續賺, 不坐鎮才奇怪吧, 現在先殺選前才有辦法拉啊幹（咦, 翻譯主委請你吃基本麵 ...
2       2  ...  [黑手：你咬我, 半年後有重要的事 = =, 這是什麼廢文?, 萬六護盤又不是第一次...,...
3       3  ...  [光寶科很有機會噴出去, 1F真的好單純, 跟你的腦子一起噴出去了, 技術派VS籌碼派, 光...
4       4  ...  [60塊就買惹, 一切都穩了, 好的 謝謝德意志, 99威剛 99十銓 99晶豪科 99南亞...
5       5  ...                         [99景碩不會動, 5009？, 發哥噴高高^ ^]
6       6  ...  [神鬼融資~, 沒在怕啦 凹倒底 繼續資買, 華通多空交戰，明天很刺激, 聰明融資，明天噴噴...
7       7  ...  [正妹名字 推, 線不錯看, 哇靠 青鋼戰士, 青鋼劍, 青銅聖鬥士, 鋼鐵類 下半年送分！...
8       8  ...  [啟碁勿忘現增價$100…., 投信是929買盤ㄅ 百萬散戶大軍幫你撐, 接下來第二檔募集的...
9       9  ...  [類禁空, 不能質押？, 我不給賣就不會跌樓, 笑死, 股價破發是指股價跌破發行價, 大概是...
10     11  ...  [因為這顆睪丸比較小, 大盤會盤整沒錯 但要相信長期只會向上 不然你勝率低, 通貨膨脹讓貨幣...
11     12  ...  [大紀元...  阿 不是, 贏 https://i.imgur.com/x7lUiOu.j...
12     13  ...  [AZ 半導體概念 噴噴, 陶本和, GG明天繼續跌？, 洲長可以叫美國佬乖乖聽話再來好嗎,...
13     14  ...  [養套殺 馬斯克遲早要乳滑的, 這是遲早的事情, 特斯拉市占才多少 再加上中國電動車要出口 ...
14     15  ...                                                 []
15     16  ...                                                 []
16     19  ...  [：（, https://i.imgur.com/HBucNaA.jpg, https://...
17     20  ...  [如果你股票很多的話....就會, 想搶董監的都可以調閱股東名冊, 我營業員有幫我送來, 你...
18     21  ...  [笑死, 我記得去年一堆人說台積不值三百, 跟記者一樣水準, 喔~ 那怎麼不放空呢。。, 滿...
19     22  ...  [YU每天都宣傳長榮…. 無言, 要等另一位板主追認 = =, 要是持不同意見的話呢？（不過...
20     23  ...  [低調, 你會贏, 低調, 量好少, 刪文啦, 明天PTT法人進攻直接鎖漲停, 謝謝, 明天...
21     24  ...  [今天好早, 華通 ?, 至上到底為什麼可以一直拉？, 想趕快看到它回到40以下…, 竟然沒...
22     25  ...  [小兒打破碗啦, 頭, 三大法人賣-338.9億   大盤只跌-222點  是誰在買 ?, ...
23     26  ...  [大抄光光, 華星光抄底？, 中光電是不是有點戲啊？, 投信最近一直買台燿丟台光電, 沒意外...
24     27  ...  [7萬多張倒出來，薛翻啦, 929不要了, 神祕買盤倒貨囉, 光寶科外資愈買愈便宜?, 變成...
25     28  ...  [全部台積電干進去, 羨慕有300萬, 你先做好怎樣會被扣二代健保的功課 再來發文吧 每年,...
26     29  ...  [十, 所以國外蓋廠越蓋越崩, 卍, 台灣人耐操好用, 奴工, 所以外國蓋的廠不可能複製台灣...
27     30  ...  [-20, -20, 沒錢抽, -20, -20, -70, -20, 現在才PO文是有用喔...
28     31  ...  [來賓請掌聲鼓勵, 95分, 不錯, 有聲音，我那年代的神曲, 太老了= =, 神曲, 學友...
29     32  ...            [只改兩句而已也要PO, ？？！！？, 只有尾創空 笑鼠！, 打開給我看這個]
30     33  ...  [本業是炒股, 又..........又回來了...., 48.6...感覺有點高, 懂玩喔...
31     34  ...  [長老真的愛死929, 難怪前面這麼撐, 買綠賣紅, 要怎麼輸, 小兒賣的 一半都被長老接了...
32     35  ...  [更之前也有一篇說跨界做醫療, 反正成功就變控股公司、失敗變悲劇，老闆董事拿錢, 去賭，股東...
33     36  ...  [..., 要跟前面那篇對作嗎？但是跌不到4%就要停損，也設太, 高了吧, 一樣先給箭頭，有...
34     37  ...  [升息 is over, Core CPI不是不看能源？所以到時候大不了說我們只, 看Cor...
35     38  ...  [太早, 想看929 跟 878 決鬥, 還沒開搓 就認輸惹嗎, 是不是沒寫完==, 崩崩,...
36     39  ...  [早, https://i.imgur.com/RbAGrkv.jpg, 不是晴雯  你是誰...
37     40  ...  [歐盟玩勞力密集產業玩得下去嗎？, 歐盟依賴中國 中國依賴台灣, 好了啦歐盟 整天通過垃圾法...
38     41  ...  [別再說了....., 恐嚇仔又來了哈哈, 空單, 台股有台股的玩法, 太高 依照本益比河流...
39     43  ...  [布油正2小賺一波  準備分批出清了, 等天然氣中..., 賺爛了賺爛了, 烙跑太早 少賺一...
40     44  ...  [我今天又進補10張 除息日撿便宜, 撿啊，還是你要歐印？, 明天繼續除息, 除息前後 其實...
41     45  ...  [台灣可以盤中買賣零股非常久了欸............, 純噓零股的部分, 你害我以為我剛...
42     46  ...  [怎麼不早說, 中國馬不是很愛對岸？沒下中芯想乳滑喔, AI只有6%, 自己設計晶片？還是買...
43     47  ...  [讚啦, 這幾個我都沒買過。, A33最強00929！大盤崩200點！929才崩0.07呵呵...

[44 rows x 9 columns]
[2023-09-18T15:19:00.847+0000] {python.py:194} INFO - Done. Returned value was:     index  ...                                              chunk
0       0  ...  [Re: [新聞] 再度暫停申購 元大美債20年又達募集上限※ 引述《dahlia7357 ...
1       1  ...  [[新聞] 台積電落難大殺台股147點 政府坐鎮護盤\n原文標題：台積電落難大殺台股147點...
2       2  ...  [Re: [新聞] 台積電落難大殺台股147點 政府坐鎮護盤※ 引述 《blueian》 之...
3       3  ...  [[情報] 0918 上市櫃外資投信買超金額排行\n外資\n\n排行  股票名稱     百...
4       4  ...  [[新聞] 美光科技買點到了？德銀：DRAM晶片價格原文標題：美光科技買點到了？, 德銀：D...
5       5  ...  [[情報] 0918 上市櫃外資投信同買排行\n排行   股票名稱    成交    漲跌 ...
6       6  ...  [[情報] 112年09月18日信用交易統計1. 標題：112年09月18日信用交易統計\n...
7       7  ...  [[標的] 青鋼 8930 Hold不住多1. 標的：青鋼 8930 盤價Hold不住多\n...
8       8  ...  [[標的] 6121.TW 新普 6285.TW 啟碁 多1. 標的：6121.TW 新普 ...
9       9  ...  [[新聞] 中共殺雞儆猴？A股首例減持公司董事長被\n原文標題：中共殺雞儆猴？, A股首例減...
10     11  ...  [[請益] 0050只配一點息為何沒被酸左睪換右睪？\n\n\n  最大的0050，每年配的...
11     12  ...  [[新聞] 陸恒大股價再急挫 旗下金融公司多人被捕\n原文標題：陸恒大股價再急挫 旗下金融公...
12     13  ...                         [[新聞] 蔡英文明見美國亞利桑納州長　半導體、電]
13     14  ...  [[標的] TSLA.US 中國要打壓了嗎?1. 標的： TSLA.US     (例 23...
14     15  ...  [[請益] 開盤“搓合“如何避險防止穿價假設我持有兩張TSMC，\n\n策略是用新光的智慧單...
15     16  ...  [Re: [新聞] 中共殺雞儆猴？A股首例減持公司董事長被剛好想到一個問題\n\n常常別人問...
16     19  ...  [[閒聊] 2023/09/18 盤後閒聊台股  16698.24▼222.68(-1.32...
17     20  ...  [[請益] 股東會紀念品會送到家嗎？如題\n\n小弟租房在社區大樓，昨天禮拜日時突然有人上樓...
18     21  ...  [Re: [新聞] 神祕買盤 推升台積大漲答案很簡單 上周外資吸引散戶 周一通通倒給你\n今...
19     22  ...  [[創作] 技嘉 (回家)https://www.youtube.com/watch?v=L...
20     23  ...  [[標的] 2066.TW 世德 多1. 標的：2066 世德\n\n2. 分類：多\n\n...
21     24  ...  [[情報] 0918 上市投信買賣超排行1. 標題：投信買賣超排行\n\n2. 來源：台灣證...
22     25  ...  [[情報] 112年09月18日 三大法人買賣金額統計表http://www.twse.co...
23     26  ...  [[情報] 112年09月18日 櫃買法人買賣金額統計表https://www.tpex.o...
24     27  ...  [[情報] 0918 上市外資買賣超排行1. 標題：外資買賣超排行\n\n2. 來源：台灣證...
25     28  ...  [[請益] 資金 投資規劃(股票/ETF)去年開始有定期每個月買一支00878的習慣(目前也...
26     29  ...  [[新聞] 張忠謀：台晶片具3大優勢 他國很難做到\n原文標題：張忠謀：台晶片具3大優勢 他...
27     30  ...  [[新聞] 抽中1張賺2.7萬元 鑽石生技明天40元掛牌原文標題：抽中一張賺2.7萬元 鑽石...
28     31  ...  [[創作] 一千個傷心的理由https://youtu.be/Yl9sIjmaZP8?si=...
29     32  ...  [[創作] [創作]新寶島康樂隊-等無限時批https://youtu.be/aDCG7DQ...
30     33  ...  [[情報] 2323 中環 取得陽明海運股票1. 標題：公告本公司取得有價證券\n\n2. ...
31     34  ...  [[情報] 112/09/18 八大公股銀行買賣超排行1. 標題：112/09/18 八大公...
32     35  ...  [Re: [標的] 3008.TW 大立光https://i.imgur.com/k2s4M...
33     36  ...  [[標的] 3014 聯陽 多1. 標的：聯陽 3014\n\n2. 分類：多\n\n3. ...
34     37  ...  [[新聞]沙國、俄羅斯減產石油 3 個月恐釀通膨加劇\n原文標題：\n\n沙國、俄羅斯減產石...
35     38  ...  [[創作] 那些年https://www.youtube.com/watch?v=KqjgL...
36     39  ...  [[閒聊] 2023/09/18 盤中閒聊==================112/09/...
37     40  ...  [[新聞] 歐盟對中國電池嚴重依賴　需採強力措施防原文標題：歐盟對中國電池嚴重依賴　需採強力...
38     41  ...  [[心得] 廣達2025年合理股價是136廣達的2025年的合理股價是136\n。, 好，來...
39     43  ...  [Re: [標的] 輕原油  油水很多Hihi 又是我股海中的維京人\n\n從七月70塊進場...
40     44  ...  [[請益] 除息日是進場好時機嗎?今天是00919和00713的除息日\n想問問有人會在除息...
41     45  ...  [Re: [新聞] 美股股利稅率可能從 30% 降到 10%如果美股股利稅真的降到10%\n...
42     46  ...  [[新聞] 特斯拉布局超級電腦 將擴大下單台積電原文標題：\n\n特斯拉布局超級電腦 將擴大...
43     47  ...  [[新聞] 4檔高股息ETF同一天除息…全數貼息原文標題：4檔高股息ETF同一天除息…全數貼...

[44 rows x 11 columns]
[2023-09-18T15:19:00.913+0000] {taskinstance.py:1398} INFO - Marking task as SUCCESS. dag_id=ptt_stock_web_crawling_v0, task_id=chunkdata, execution_date=20230917T151631, start_date=20230918T151900, end_date=20230918T151900
[2023-09-18T15:19:00.967+0000] {local_task_job_runner.py:228} INFO - Task exited with return code 0
[2023-09-18T15:19:00.984+0000] {taskinstance.py:2776} INFO - 1 downstream tasks scheduled from follow-on schedule check
