[2023-09-17T12:18:47.804+0000] {processor.py:157} INFO - Started process (PID=82) to work on /home/airflow/.local/lib/python3.8/site-packages/airflow/example_dags/tutorial_dag.py
[2023-09-17T12:18:47.805+0000] {processor.py:829} INFO - Processing file /home/airflow/.local/lib/python3.8/site-packages/airflow/example_dags/tutorial_dag.py for tasks to queue
[2023-09-17T12:18:47.808+0000] {logging_mixin.py:151} INFO - [2023-09-17T12:18:47.808+0000] {dagbag.py:539} INFO - Filling up the DagBag from /home/airflow/.local/lib/python3.8/site-packages/airflow/example_dags/tutorial_dag.py
[2023-09-17T12:18:47.817+0000] {processor.py:839} INFO - DAG(s) dict_keys(['tutorial_dag']) retrieved from /home/airflow/.local/lib/python3.8/site-packages/airflow/example_dags/tutorial_dag.py
[2023-09-17T12:18:47.952+0000] {logging_mixin.py:151} INFO - [2023-09-17T12:18:47.952+0000] {manager.py:499} INFO - Created Permission View: %s
[2023-09-17T12:18:47.966+0000] {logging_mixin.py:151} INFO - [2023-09-17T12:18:47.966+0000] {manager.py:499} INFO - Created Permission View: %s
[2023-09-17T12:18:47.975+0000] {logging_mixin.py:151} INFO - [2023-09-17T12:18:47.975+0000] {manager.py:499} INFO - Created Permission View: %s
[2023-09-17T12:18:47.976+0000] {logging_mixin.py:151} INFO - [2023-09-17T12:18:47.976+0000] {security.py:708} INFO - Not syncing DAG-level permissions for DAG 'DAG:tutorial_dag' as access control is unset.
[2023-09-17T12:18:47.976+0000] {logging_mixin.py:151} INFO - [2023-09-17T12:18:47.976+0000] {dag.py:2915} INFO - Sync 1 DAGs
[2023-09-17T12:18:47.991+0000] {logging_mixin.py:151} INFO - [2023-09-17T12:18:47.991+0000] {dag.py:2937} INFO - Creating ORM DAG for tutorial_dag
[2023-09-17T12:18:47.992+0000] {logging_mixin.py:151} INFO - [2023-09-17T12:18:47.992+0000] {dag.py:3696} INFO - Setting next_dagrun for tutorial_dag to None, run_after=None
[2023-09-17T12:18:48.018+0000] {processor.py:179} INFO - Processing /home/airflow/.local/lib/python3.8/site-packages/airflow/example_dags/tutorial_dag.py took 0.219 seconds
[2023-09-17T12:28:00.957+0000] {processor.py:157} INFO - Started process (PID=82) to work on /home/airflow/.local/lib/python3.8/site-packages/airflow/example_dags/tutorial_dag.py
[2023-09-17T12:28:00.958+0000] {processor.py:829} INFO - Processing file /home/airflow/.local/lib/python3.8/site-packages/airflow/example_dags/tutorial_dag.py for tasks to queue
[2023-09-17T12:28:00.959+0000] {logging_mixin.py:151} INFO - [2023-09-17T12:28:00.959+0000] {dagbag.py:539} INFO - Filling up the DagBag from /home/airflow/.local/lib/python3.8/site-packages/airflow/example_dags/tutorial_dag.py
[2023-09-17T12:28:00.962+0000] {processor.py:839} INFO - DAG(s) dict_keys(['tutorial_dag']) retrieved from /home/airflow/.local/lib/python3.8/site-packages/airflow/example_dags/tutorial_dag.py
[2023-09-17T12:28:00.969+0000] {logging_mixin.py:151} INFO - [2023-09-17T12:28:00.969+0000] {dag.py:2915} INFO - Sync 1 DAGs
[2023-09-17T12:28:00.976+0000] {logging_mixin.py:151} INFO - [2023-09-17T12:28:00.976+0000] {dag.py:3696} INFO - Setting next_dagrun for tutorial_dag to None, run_after=None
[2023-09-17T12:28:00.987+0000] {processor.py:179} INFO - Processing /home/airflow/.local/lib/python3.8/site-packages/airflow/example_dags/tutorial_dag.py took 0.031 seconds
[2023-09-17T12:28:31.048+0000] {processor.py:157} INFO - Started process (PID=136) to work on /home/airflow/.local/lib/python3.8/site-packages/airflow/example_dags/tutorial_dag.py
[2023-09-17T12:28:31.049+0000] {processor.py:829} INFO - Processing file /home/airflow/.local/lib/python3.8/site-packages/airflow/example_dags/tutorial_dag.py for tasks to queue
[2023-09-17T12:28:31.049+0000] {logging_mixin.py:151} INFO - [2023-09-17T12:28:31.049+0000] {dagbag.py:539} INFO - Filling up the DagBag from /home/airflow/.local/lib/python3.8/site-packages/airflow/example_dags/tutorial_dag.py
[2023-09-17T12:28:31.052+0000] {processor.py:839} INFO - DAG(s) dict_keys(['tutorial_dag']) retrieved from /home/airflow/.local/lib/python3.8/site-packages/airflow/example_dags/tutorial_dag.py
[2023-09-17T12:28:31.063+0000] {logging_mixin.py:151} INFO - [2023-09-17T12:28:31.063+0000] {dag.py:2915} INFO - Sync 1 DAGs
[2023-09-17T12:28:31.069+0000] {logging_mixin.py:151} INFO - [2023-09-17T12:28:31.069+0000] {dag.py:3696} INFO - Setting next_dagrun for tutorial_dag to None, run_after=None
[2023-09-17T12:28:31.078+0000] {processor.py:179} INFO - Processing /home/airflow/.local/lib/python3.8/site-packages/airflow/example_dags/tutorial_dag.py took 0.032 seconds
[2023-09-17T12:29:01.562+0000] {processor.py:157} INFO - Started process (PID=198) to work on /home/airflow/.local/lib/python3.8/site-packages/airflow/example_dags/tutorial_dag.py
[2023-09-17T12:29:01.563+0000] {processor.py:829} INFO - Processing file /home/airflow/.local/lib/python3.8/site-packages/airflow/example_dags/tutorial_dag.py for tasks to queue
[2023-09-17T12:29:01.564+0000] {logging_mixin.py:151} INFO - [2023-09-17T12:29:01.564+0000] {dagbag.py:539} INFO - Filling up the DagBag from /home/airflow/.local/lib/python3.8/site-packages/airflow/example_dags/tutorial_dag.py
[2023-09-17T12:29:01.567+0000] {processor.py:839} INFO - DAG(s) dict_keys(['tutorial_dag']) retrieved from /home/airflow/.local/lib/python3.8/site-packages/airflow/example_dags/tutorial_dag.py
[2023-09-17T12:29:01.578+0000] {logging_mixin.py:151} INFO - [2023-09-17T12:29:01.578+0000] {dag.py:2915} INFO - Sync 1 DAGs
[2023-09-17T12:29:01.585+0000] {logging_mixin.py:151} INFO - [2023-09-17T12:29:01.584+0000] {dag.py:3696} INFO - Setting next_dagrun for tutorial_dag to None, run_after=None
[2023-09-17T12:29:01.594+0000] {processor.py:179} INFO - Processing /home/airflow/.local/lib/python3.8/site-packages/airflow/example_dags/tutorial_dag.py took 0.033 seconds
[2023-09-17T12:29:32.013+0000] {processor.py:157} INFO - Started process (PID=308) to work on /home/airflow/.local/lib/python3.8/site-packages/airflow/example_dags/tutorial_dag.py
[2023-09-17T12:29:32.013+0000] {processor.py:829} INFO - Processing file /home/airflow/.local/lib/python3.8/site-packages/airflow/example_dags/tutorial_dag.py for tasks to queue
[2023-09-17T12:29:32.015+0000] {logging_mixin.py:151} INFO - [2023-09-17T12:29:32.014+0000] {dagbag.py:539} INFO - Filling up the DagBag from /home/airflow/.local/lib/python3.8/site-packages/airflow/example_dags/tutorial_dag.py
[2023-09-17T12:29:32.017+0000] {processor.py:839} INFO - DAG(s) dict_keys(['tutorial_dag']) retrieved from /home/airflow/.local/lib/python3.8/site-packages/airflow/example_dags/tutorial_dag.py
[2023-09-17T12:29:32.028+0000] {logging_mixin.py:151} INFO - [2023-09-17T12:29:32.028+0000] {dag.py:2915} INFO - Sync 1 DAGs
[2023-09-17T12:29:32.034+0000] {logging_mixin.py:151} INFO - [2023-09-17T12:29:32.034+0000] {dag.py:3696} INFO - Setting next_dagrun for tutorial_dag to None, run_after=None
[2023-09-17T12:29:32.043+0000] {processor.py:179} INFO - Processing /home/airflow/.local/lib/python3.8/site-packages/airflow/example_dags/tutorial_dag.py took 0.032 seconds
[2023-09-17T12:30:02.419+0000] {processor.py:157} INFO - Started process (PID=378) to work on /home/airflow/.local/lib/python3.8/site-packages/airflow/example_dags/tutorial_dag.py
[2023-09-17T12:30:02.420+0000] {processor.py:829} INFO - Processing file /home/airflow/.local/lib/python3.8/site-packages/airflow/example_dags/tutorial_dag.py for tasks to queue
[2023-09-17T12:30:02.421+0000] {logging_mixin.py:151} INFO - [2023-09-17T12:30:02.421+0000] {dagbag.py:539} INFO - Filling up the DagBag from /home/airflow/.local/lib/python3.8/site-packages/airflow/example_dags/tutorial_dag.py
[2023-09-17T12:30:02.424+0000] {processor.py:839} INFO - DAG(s) dict_keys(['tutorial_dag']) retrieved from /home/airflow/.local/lib/python3.8/site-packages/airflow/example_dags/tutorial_dag.py
[2023-09-17T12:30:02.434+0000] {logging_mixin.py:151} INFO - [2023-09-17T12:30:02.434+0000] {dag.py:2915} INFO - Sync 1 DAGs
[2023-09-17T12:30:02.441+0000] {logging_mixin.py:151} INFO - [2023-09-17T12:30:02.440+0000] {dag.py:3696} INFO - Setting next_dagrun for tutorial_dag to None, run_after=None
[2023-09-17T12:30:02.450+0000] {processor.py:179} INFO - Processing /home/airflow/.local/lib/python3.8/site-packages/airflow/example_dags/tutorial_dag.py took 0.032 seconds
[2023-09-17T12:30:32.964+0000] {processor.py:157} INFO - Started process (PID=432) to work on /home/airflow/.local/lib/python3.8/site-packages/airflow/example_dags/tutorial_dag.py
[2023-09-17T12:30:32.964+0000] {processor.py:829} INFO - Processing file /home/airflow/.local/lib/python3.8/site-packages/airflow/example_dags/tutorial_dag.py for tasks to queue
[2023-09-17T12:30:32.965+0000] {logging_mixin.py:151} INFO - [2023-09-17T12:30:32.965+0000] {dagbag.py:539} INFO - Filling up the DagBag from /home/airflow/.local/lib/python3.8/site-packages/airflow/example_dags/tutorial_dag.py
[2023-09-17T12:30:32.968+0000] {processor.py:839} INFO - DAG(s) dict_keys(['tutorial_dag']) retrieved from /home/airflow/.local/lib/python3.8/site-packages/airflow/example_dags/tutorial_dag.py
[2023-09-17T12:30:32.979+0000] {logging_mixin.py:151} INFO - [2023-09-17T12:30:32.979+0000] {dag.py:2915} INFO - Sync 1 DAGs
[2023-09-17T12:30:32.986+0000] {logging_mixin.py:151} INFO - [2023-09-17T12:30:32.986+0000] {dag.py:3696} INFO - Setting next_dagrun for tutorial_dag to None, run_after=None
[2023-09-17T12:30:32.994+0000] {processor.py:179} INFO - Processing /home/airflow/.local/lib/python3.8/site-packages/airflow/example_dags/tutorial_dag.py took 0.032 seconds
[2023-09-17T12:31:03.607+0000] {processor.py:157} INFO - Started process (PID=486) to work on /home/airflow/.local/lib/python3.8/site-packages/airflow/example_dags/tutorial_dag.py
[2023-09-17T12:31:03.608+0000] {processor.py:829} INFO - Processing file /home/airflow/.local/lib/python3.8/site-packages/airflow/example_dags/tutorial_dag.py for tasks to queue
[2023-09-17T12:31:03.609+0000] {logging_mixin.py:151} INFO - [2023-09-17T12:31:03.609+0000] {dagbag.py:539} INFO - Filling up the DagBag from /home/airflow/.local/lib/python3.8/site-packages/airflow/example_dags/tutorial_dag.py
[2023-09-17T12:31:03.612+0000] {processor.py:839} INFO - DAG(s) dict_keys(['tutorial_dag']) retrieved from /home/airflow/.local/lib/python3.8/site-packages/airflow/example_dags/tutorial_dag.py
[2023-09-17T12:31:03.622+0000] {logging_mixin.py:151} INFO - [2023-09-17T12:31:03.622+0000] {dag.py:2915} INFO - Sync 1 DAGs
[2023-09-17T12:31:03.629+0000] {logging_mixin.py:151} INFO - [2023-09-17T12:31:03.629+0000] {dag.py:3696} INFO - Setting next_dagrun for tutorial_dag to None, run_after=None
[2023-09-17T12:31:03.637+0000] {processor.py:179} INFO - Processing /home/airflow/.local/lib/python3.8/site-packages/airflow/example_dags/tutorial_dag.py took 0.032 seconds
[2023-09-17T12:31:34.277+0000] {processor.py:157} INFO - Started process (PID=540) to work on /home/airflow/.local/lib/python3.8/site-packages/airflow/example_dags/tutorial_dag.py
[2023-09-17T12:31:34.278+0000] {processor.py:829} INFO - Processing file /home/airflow/.local/lib/python3.8/site-packages/airflow/example_dags/tutorial_dag.py for tasks to queue
[2023-09-17T12:31:34.279+0000] {logging_mixin.py:151} INFO - [2023-09-17T12:31:34.279+0000] {dagbag.py:539} INFO - Filling up the DagBag from /home/airflow/.local/lib/python3.8/site-packages/airflow/example_dags/tutorial_dag.py
[2023-09-17T12:31:34.282+0000] {processor.py:839} INFO - DAG(s) dict_keys(['tutorial_dag']) retrieved from /home/airflow/.local/lib/python3.8/site-packages/airflow/example_dags/tutorial_dag.py
[2023-09-17T12:31:34.292+0000] {logging_mixin.py:151} INFO - [2023-09-17T12:31:34.292+0000] {dag.py:2915} INFO - Sync 1 DAGs
[2023-09-17T12:31:34.299+0000] {logging_mixin.py:151} INFO - [2023-09-17T12:31:34.299+0000] {dag.py:3696} INFO - Setting next_dagrun for tutorial_dag to None, run_after=None
[2023-09-17T12:31:34.308+0000] {processor.py:179} INFO - Processing /home/airflow/.local/lib/python3.8/site-packages/airflow/example_dags/tutorial_dag.py took 0.032 seconds
[2023-09-17T12:32:04.902+0000] {processor.py:157} INFO - Started process (PID=594) to work on /home/airflow/.local/lib/python3.8/site-packages/airflow/example_dags/tutorial_dag.py
[2023-09-17T12:32:04.902+0000] {processor.py:829} INFO - Processing file /home/airflow/.local/lib/python3.8/site-packages/airflow/example_dags/tutorial_dag.py for tasks to queue
[2023-09-17T12:32:04.903+0000] {logging_mixin.py:151} INFO - [2023-09-17T12:32:04.903+0000] {dagbag.py:539} INFO - Filling up the DagBag from /home/airflow/.local/lib/python3.8/site-packages/airflow/example_dags/tutorial_dag.py
[2023-09-17T12:32:04.906+0000] {processor.py:839} INFO - DAG(s) dict_keys(['tutorial_dag']) retrieved from /home/airflow/.local/lib/python3.8/site-packages/airflow/example_dags/tutorial_dag.py
[2023-09-17T12:32:04.916+0000] {logging_mixin.py:151} INFO - [2023-09-17T12:32:04.916+0000] {dag.py:2915} INFO - Sync 1 DAGs
[2023-09-17T12:32:04.922+0000] {logging_mixin.py:151} INFO - [2023-09-17T12:32:04.922+0000] {dag.py:3696} INFO - Setting next_dagrun for tutorial_dag to None, run_after=None
[2023-09-17T12:32:04.931+0000] {processor.py:179} INFO - Processing /home/airflow/.local/lib/python3.8/site-packages/airflow/example_dags/tutorial_dag.py took 0.032 seconds
[2023-09-17T12:32:35.522+0000] {processor.py:157} INFO - Started process (PID=656) to work on /home/airflow/.local/lib/python3.8/site-packages/airflow/example_dags/tutorial_dag.py
[2023-09-17T12:32:35.522+0000] {processor.py:829} INFO - Processing file /home/airflow/.local/lib/python3.8/site-packages/airflow/example_dags/tutorial_dag.py for tasks to queue
[2023-09-17T12:32:35.523+0000] {logging_mixin.py:151} INFO - [2023-09-17T12:32:35.523+0000] {dagbag.py:539} INFO - Filling up the DagBag from /home/airflow/.local/lib/python3.8/site-packages/airflow/example_dags/tutorial_dag.py
[2023-09-17T12:32:35.526+0000] {processor.py:839} INFO - DAG(s) dict_keys(['tutorial_dag']) retrieved from /home/airflow/.local/lib/python3.8/site-packages/airflow/example_dags/tutorial_dag.py
[2023-09-17T12:32:35.537+0000] {logging_mixin.py:151} INFO - [2023-09-17T12:32:35.537+0000] {dag.py:2915} INFO - Sync 1 DAGs
[2023-09-17T12:32:35.544+0000] {logging_mixin.py:151} INFO - [2023-09-17T12:32:35.543+0000] {dag.py:3696} INFO - Setting next_dagrun for tutorial_dag to None, run_after=None
[2023-09-17T12:32:35.552+0000] {processor.py:179} INFO - Processing /home/airflow/.local/lib/python3.8/site-packages/airflow/example_dags/tutorial_dag.py took 0.032 seconds
[2023-09-17T12:33:06.288+0000] {processor.py:157} INFO - Started process (PID=710) to work on /home/airflow/.local/lib/python3.8/site-packages/airflow/example_dags/tutorial_dag.py
[2023-09-17T12:33:06.288+0000] {processor.py:829} INFO - Processing file /home/airflow/.local/lib/python3.8/site-packages/airflow/example_dags/tutorial_dag.py for tasks to queue
[2023-09-17T12:33:06.289+0000] {logging_mixin.py:151} INFO - [2023-09-17T12:33:06.289+0000] {dagbag.py:539} INFO - Filling up the DagBag from /home/airflow/.local/lib/python3.8/site-packages/airflow/example_dags/tutorial_dag.py
[2023-09-17T12:33:06.292+0000] {processor.py:839} INFO - DAG(s) dict_keys(['tutorial_dag']) retrieved from /home/airflow/.local/lib/python3.8/site-packages/airflow/example_dags/tutorial_dag.py
[2023-09-17T12:33:06.302+0000] {logging_mixin.py:151} INFO - [2023-09-17T12:33:06.302+0000] {dag.py:2915} INFO - Sync 1 DAGs
[2023-09-17T12:33:06.308+0000] {logging_mixin.py:151} INFO - [2023-09-17T12:33:06.308+0000] {dag.py:3696} INFO - Setting next_dagrun for tutorial_dag to None, run_after=None
[2023-09-17T12:33:06.317+0000] {processor.py:179} INFO - Processing /home/airflow/.local/lib/python3.8/site-packages/airflow/example_dags/tutorial_dag.py took 0.031 seconds
[2023-09-17T12:33:36.893+0000] {processor.py:157} INFO - Started process (PID=764) to work on /home/airflow/.local/lib/python3.8/site-packages/airflow/example_dags/tutorial_dag.py
[2023-09-17T12:33:36.893+0000] {processor.py:829} INFO - Processing file /home/airflow/.local/lib/python3.8/site-packages/airflow/example_dags/tutorial_dag.py for tasks to queue
[2023-09-17T12:33:36.895+0000] {logging_mixin.py:151} INFO - [2023-09-17T12:33:36.894+0000] {dagbag.py:539} INFO - Filling up the DagBag from /home/airflow/.local/lib/python3.8/site-packages/airflow/example_dags/tutorial_dag.py
[2023-09-17T12:33:36.897+0000] {processor.py:839} INFO - DAG(s) dict_keys(['tutorial_dag']) retrieved from /home/airflow/.local/lib/python3.8/site-packages/airflow/example_dags/tutorial_dag.py
[2023-09-17T12:33:36.908+0000] {logging_mixin.py:151} INFO - [2023-09-17T12:33:36.907+0000] {dag.py:2915} INFO - Sync 1 DAGs
[2023-09-17T12:33:36.914+0000] {logging_mixin.py:151} INFO - [2023-09-17T12:33:36.914+0000] {dag.py:3696} INFO - Setting next_dagrun for tutorial_dag to None, run_after=None
[2023-09-17T12:33:36.924+0000] {processor.py:179} INFO - Processing /home/airflow/.local/lib/python3.8/site-packages/airflow/example_dags/tutorial_dag.py took 0.033 seconds
[2023-09-17T12:34:07.758+0000] {processor.py:157} INFO - Started process (PID=818) to work on /home/airflow/.local/lib/python3.8/site-packages/airflow/example_dags/tutorial_dag.py
[2023-09-17T12:34:07.759+0000] {processor.py:829} INFO - Processing file /home/airflow/.local/lib/python3.8/site-packages/airflow/example_dags/tutorial_dag.py for tasks to queue
[2023-09-17T12:34:07.760+0000] {logging_mixin.py:151} INFO - [2023-09-17T12:34:07.759+0000] {dagbag.py:539} INFO - Filling up the DagBag from /home/airflow/.local/lib/python3.8/site-packages/airflow/example_dags/tutorial_dag.py
[2023-09-17T12:34:07.762+0000] {processor.py:839} INFO - DAG(s) dict_keys(['tutorial_dag']) retrieved from /home/airflow/.local/lib/python3.8/site-packages/airflow/example_dags/tutorial_dag.py
[2023-09-17T12:34:07.773+0000] {logging_mixin.py:151} INFO - [2023-09-17T12:34:07.773+0000] {dag.py:2915} INFO - Sync 1 DAGs
[2023-09-17T12:34:07.780+0000] {logging_mixin.py:151} INFO - [2023-09-17T12:34:07.780+0000] {dag.py:3696} INFO - Setting next_dagrun for tutorial_dag to None, run_after=None
[2023-09-17T12:34:07.790+0000] {processor.py:179} INFO - Processing /home/airflow/.local/lib/python3.8/site-packages/airflow/example_dags/tutorial_dag.py took 0.033 seconds
[2023-09-17T12:34:38.487+0000] {processor.py:157} INFO - Started process (PID=873) to work on /home/airflow/.local/lib/python3.8/site-packages/airflow/example_dags/tutorial_dag.py
[2023-09-17T12:34:38.488+0000] {processor.py:829} INFO - Processing file /home/airflow/.local/lib/python3.8/site-packages/airflow/example_dags/tutorial_dag.py for tasks to queue
[2023-09-17T12:34:38.489+0000] {logging_mixin.py:151} INFO - [2023-09-17T12:34:38.488+0000] {dagbag.py:539} INFO - Filling up the DagBag from /home/airflow/.local/lib/python3.8/site-packages/airflow/example_dags/tutorial_dag.py
[2023-09-17T12:34:38.491+0000] {processor.py:839} INFO - DAG(s) dict_keys(['tutorial_dag']) retrieved from /home/airflow/.local/lib/python3.8/site-packages/airflow/example_dags/tutorial_dag.py
[2023-09-17T12:34:38.502+0000] {logging_mixin.py:151} INFO - [2023-09-17T12:34:38.502+0000] {dag.py:2915} INFO - Sync 1 DAGs
[2023-09-17T12:34:38.508+0000] {logging_mixin.py:151} INFO - [2023-09-17T12:34:38.508+0000] {dag.py:3696} INFO - Setting next_dagrun for tutorial_dag to None, run_after=None
[2023-09-17T12:34:38.518+0000] {processor.py:179} INFO - Processing /home/airflow/.local/lib/python3.8/site-packages/airflow/example_dags/tutorial_dag.py took 0.033 seconds
[2023-09-17T12:35:09.134+0000] {processor.py:157} INFO - Started process (PID=927) to work on /home/airflow/.local/lib/python3.8/site-packages/airflow/example_dags/tutorial_dag.py
[2023-09-17T12:35:09.134+0000] {processor.py:829} INFO - Processing file /home/airflow/.local/lib/python3.8/site-packages/airflow/example_dags/tutorial_dag.py for tasks to queue
[2023-09-17T12:35:09.135+0000] {logging_mixin.py:151} INFO - [2023-09-17T12:35:09.135+0000] {dagbag.py:539} INFO - Filling up the DagBag from /home/airflow/.local/lib/python3.8/site-packages/airflow/example_dags/tutorial_dag.py
[2023-09-17T12:35:09.138+0000] {processor.py:839} INFO - DAG(s) dict_keys(['tutorial_dag']) retrieved from /home/airflow/.local/lib/python3.8/site-packages/airflow/example_dags/tutorial_dag.py
[2023-09-17T12:35:09.148+0000] {logging_mixin.py:151} INFO - [2023-09-17T12:35:09.148+0000] {dag.py:2915} INFO - Sync 1 DAGs
[2023-09-17T12:35:09.155+0000] {logging_mixin.py:151} INFO - [2023-09-17T12:35:09.155+0000] {dag.py:3696} INFO - Setting next_dagrun for tutorial_dag to None, run_after=None
[2023-09-17T12:35:09.164+0000] {processor.py:179} INFO - Processing /home/airflow/.local/lib/python3.8/site-packages/airflow/example_dags/tutorial_dag.py took 0.032 seconds
[2023-09-17T12:36:10.299+0000] {processor.py:157} INFO - Started process (PID=81) to work on /home/airflow/.local/lib/python3.8/site-packages/airflow/example_dags/tutorial_dag.py
[2023-09-17T12:36:10.300+0000] {processor.py:829} INFO - Processing file /home/airflow/.local/lib/python3.8/site-packages/airflow/example_dags/tutorial_dag.py for tasks to queue
[2023-09-17T12:36:10.301+0000] {logging_mixin.py:151} INFO - [2023-09-17T12:36:10.301+0000] {dagbag.py:539} INFO - Filling up the DagBag from /home/airflow/.local/lib/python3.8/site-packages/airflow/example_dags/tutorial_dag.py
[2023-09-17T12:36:10.304+0000] {processor.py:839} INFO - DAG(s) dict_keys(['tutorial_dag']) retrieved from /home/airflow/.local/lib/python3.8/site-packages/airflow/example_dags/tutorial_dag.py
[2023-09-17T12:36:10.312+0000] {logging_mixin.py:151} INFO - [2023-09-17T12:36:10.312+0000] {dag.py:2915} INFO - Sync 1 DAGs
[2023-09-17T12:36:10.321+0000] {logging_mixin.py:151} INFO - [2023-09-17T12:36:10.320+0000] {dag.py:3696} INFO - Setting next_dagrun for tutorial_dag to None, run_after=None
[2023-09-17T12:36:10.332+0000] {processor.py:179} INFO - Processing /home/airflow/.local/lib/python3.8/site-packages/airflow/example_dags/tutorial_dag.py took 0.035 seconds
[2023-09-17T12:36:40.902+0000] {processor.py:157} INFO - Started process (PID=135) to work on /home/airflow/.local/lib/python3.8/site-packages/airflow/example_dags/tutorial_dag.py
[2023-09-17T12:36:40.902+0000] {processor.py:829} INFO - Processing file /home/airflow/.local/lib/python3.8/site-packages/airflow/example_dags/tutorial_dag.py for tasks to queue
[2023-09-17T12:36:40.903+0000] {logging_mixin.py:151} INFO - [2023-09-17T12:36:40.903+0000] {dagbag.py:539} INFO - Filling up the DagBag from /home/airflow/.local/lib/python3.8/site-packages/airflow/example_dags/tutorial_dag.py
[2023-09-17T12:36:40.906+0000] {processor.py:839} INFO - DAG(s) dict_keys(['tutorial_dag']) retrieved from /home/airflow/.local/lib/python3.8/site-packages/airflow/example_dags/tutorial_dag.py
[2023-09-17T12:36:40.916+0000] {logging_mixin.py:151} INFO - [2023-09-17T12:36:40.916+0000] {dag.py:2915} INFO - Sync 1 DAGs
[2023-09-17T12:36:40.923+0000] {logging_mixin.py:151} INFO - [2023-09-17T12:36:40.922+0000] {dag.py:3696} INFO - Setting next_dagrun for tutorial_dag to None, run_after=None
[2023-09-17T12:36:40.931+0000] {processor.py:179} INFO - Processing /home/airflow/.local/lib/python3.8/site-packages/airflow/example_dags/tutorial_dag.py took 0.031 seconds
[2023-09-17T13:47:44.094+0000] {processor.py:157} INFO - Started process (PID=82) to work on /home/airflow/.local/lib/python3.8/site-packages/airflow/example_dags/tutorial_dag.py
[2023-09-17T13:47:44.094+0000] {processor.py:829} INFO - Processing file /home/airflow/.local/lib/python3.8/site-packages/airflow/example_dags/tutorial_dag.py for tasks to queue
[2023-09-17T13:47:44.096+0000] {logging_mixin.py:151} INFO - [2023-09-17T13:47:44.095+0000] {dagbag.py:539} INFO - Filling up the DagBag from /home/airflow/.local/lib/python3.8/site-packages/airflow/example_dags/tutorial_dag.py
[2023-09-17T13:47:44.099+0000] {processor.py:839} INFO - DAG(s) dict_keys(['tutorial_dag']) retrieved from /home/airflow/.local/lib/python3.8/site-packages/airflow/example_dags/tutorial_dag.py
[2023-09-17T13:47:44.105+0000] {logging_mixin.py:151} INFO - [2023-09-17T13:47:44.104+0000] {dag.py:2915} INFO - Sync 1 DAGs
[2023-09-17T13:47:44.112+0000] {logging_mixin.py:151} INFO - [2023-09-17T13:47:44.112+0000] {dag.py:3696} INFO - Setting next_dagrun for tutorial_dag to None, run_after=None
[2023-09-17T13:47:44.122+0000] {processor.py:179} INFO - Processing /home/airflow/.local/lib/python3.8/site-packages/airflow/example_dags/tutorial_dag.py took 0.030 seconds
[2023-09-17T13:48:14.304+0000] {processor.py:157} INFO - Started process (PID=136) to work on /home/airflow/.local/lib/python3.8/site-packages/airflow/example_dags/tutorial_dag.py
[2023-09-17T13:48:14.305+0000] {processor.py:829} INFO - Processing file /home/airflow/.local/lib/python3.8/site-packages/airflow/example_dags/tutorial_dag.py for tasks to queue
[2023-09-17T13:48:14.306+0000] {logging_mixin.py:151} INFO - [2023-09-17T13:48:14.305+0000] {dagbag.py:539} INFO - Filling up the DagBag from /home/airflow/.local/lib/python3.8/site-packages/airflow/example_dags/tutorial_dag.py
[2023-09-17T13:48:14.309+0000] {processor.py:839} INFO - DAG(s) dict_keys(['tutorial_dag']) retrieved from /home/airflow/.local/lib/python3.8/site-packages/airflow/example_dags/tutorial_dag.py
[2023-09-17T13:48:14.319+0000] {logging_mixin.py:151} INFO - [2023-09-17T13:48:14.319+0000] {dag.py:2915} INFO - Sync 1 DAGs
[2023-09-17T13:48:14.326+0000] {logging_mixin.py:151} INFO - [2023-09-17T13:48:14.326+0000] {dag.py:3696} INFO - Setting next_dagrun for tutorial_dag to None, run_after=None
[2023-09-17T13:48:14.334+0000] {processor.py:179} INFO - Processing /home/airflow/.local/lib/python3.8/site-packages/airflow/example_dags/tutorial_dag.py took 0.031 seconds
[2023-09-17T13:48:44.884+0000] {processor.py:157} INFO - Started process (PID=190) to work on /home/airflow/.local/lib/python3.8/site-packages/airflow/example_dags/tutorial_dag.py
[2023-09-17T13:48:44.884+0000] {processor.py:829} INFO - Processing file /home/airflow/.local/lib/python3.8/site-packages/airflow/example_dags/tutorial_dag.py for tasks to queue
[2023-09-17T13:48:44.885+0000] {logging_mixin.py:151} INFO - [2023-09-17T13:48:44.885+0000] {dagbag.py:539} INFO - Filling up the DagBag from /home/airflow/.local/lib/python3.8/site-packages/airflow/example_dags/tutorial_dag.py
[2023-09-17T13:48:44.888+0000] {processor.py:839} INFO - DAG(s) dict_keys(['tutorial_dag']) retrieved from /home/airflow/.local/lib/python3.8/site-packages/airflow/example_dags/tutorial_dag.py
[2023-09-17T13:48:44.899+0000] {logging_mixin.py:151} INFO - [2023-09-17T13:48:44.898+0000] {dag.py:2915} INFO - Sync 1 DAGs
[2023-09-17T13:48:44.905+0000] {logging_mixin.py:151} INFO - [2023-09-17T13:48:44.905+0000] {dag.py:3696} INFO - Setting next_dagrun for tutorial_dag to None, run_after=None
[2023-09-17T13:48:44.914+0000] {processor.py:179} INFO - Processing /home/airflow/.local/lib/python3.8/site-packages/airflow/example_dags/tutorial_dag.py took 0.032 seconds
[2023-09-17T14:02:04.471+0000] {processor.py:157} INFO - Started process (PID=82) to work on /home/airflow/.local/lib/python3.8/site-packages/airflow/example_dags/tutorial_dag.py
[2023-09-17T14:02:04.471+0000] {processor.py:829} INFO - Processing file /home/airflow/.local/lib/python3.8/site-packages/airflow/example_dags/tutorial_dag.py for tasks to queue
[2023-09-17T14:02:04.472+0000] {logging_mixin.py:151} INFO - [2023-09-17T14:02:04.472+0000] {dagbag.py:539} INFO - Filling up the DagBag from /home/airflow/.local/lib/python3.8/site-packages/airflow/example_dags/tutorial_dag.py
[2023-09-17T14:02:04.476+0000] {processor.py:839} INFO - DAG(s) dict_keys(['tutorial_dag']) retrieved from /home/airflow/.local/lib/python3.8/site-packages/airflow/example_dags/tutorial_dag.py
[2023-09-17T14:02:04.482+0000] {logging_mixin.py:151} INFO - [2023-09-17T14:02:04.482+0000] {dag.py:2915} INFO - Sync 1 DAGs
[2023-09-17T14:02:04.490+0000] {logging_mixin.py:151} INFO - [2023-09-17T14:02:04.490+0000] {dag.py:3696} INFO - Setting next_dagrun for tutorial_dag to None, run_after=None
[2023-09-17T14:02:04.500+0000] {processor.py:179} INFO - Processing /home/airflow/.local/lib/python3.8/site-packages/airflow/example_dags/tutorial_dag.py took 0.032 seconds
[2023-09-17T14:02:34.841+0000] {processor.py:157} INFO - Started process (PID=136) to work on /home/airflow/.local/lib/python3.8/site-packages/airflow/example_dags/tutorial_dag.py
[2023-09-17T14:02:34.842+0000] {processor.py:829} INFO - Processing file /home/airflow/.local/lib/python3.8/site-packages/airflow/example_dags/tutorial_dag.py for tasks to queue
[2023-09-17T14:02:34.843+0000] {logging_mixin.py:151} INFO - [2023-09-17T14:02:34.843+0000] {dagbag.py:539} INFO - Filling up the DagBag from /home/airflow/.local/lib/python3.8/site-packages/airflow/example_dags/tutorial_dag.py
[2023-09-17T14:02:34.846+0000] {processor.py:839} INFO - DAG(s) dict_keys(['tutorial_dag']) retrieved from /home/airflow/.local/lib/python3.8/site-packages/airflow/example_dags/tutorial_dag.py
[2023-09-17T14:02:34.856+0000] {logging_mixin.py:151} INFO - [2023-09-17T14:02:34.856+0000] {dag.py:2915} INFO - Sync 1 DAGs
[2023-09-17T14:02:34.863+0000] {logging_mixin.py:151} INFO - [2023-09-17T14:02:34.863+0000] {dag.py:3696} INFO - Setting next_dagrun for tutorial_dag to None, run_after=None
[2023-09-17T14:02:34.872+0000] {processor.py:179} INFO - Processing /home/airflow/.local/lib/python3.8/site-packages/airflow/example_dags/tutorial_dag.py took 0.032 seconds
[2023-09-17T14:03:05.352+0000] {processor.py:157} INFO - Started process (PID=190) to work on /home/airflow/.local/lib/python3.8/site-packages/airflow/example_dags/tutorial_dag.py
[2023-09-17T14:03:05.352+0000] {processor.py:829} INFO - Processing file /home/airflow/.local/lib/python3.8/site-packages/airflow/example_dags/tutorial_dag.py for tasks to queue
[2023-09-17T14:03:05.353+0000] {logging_mixin.py:151} INFO - [2023-09-17T14:03:05.353+0000] {dagbag.py:539} INFO - Filling up the DagBag from /home/airflow/.local/lib/python3.8/site-packages/airflow/example_dags/tutorial_dag.py
[2023-09-17T14:03:05.356+0000] {processor.py:839} INFO - DAG(s) dict_keys(['tutorial_dag']) retrieved from /home/airflow/.local/lib/python3.8/site-packages/airflow/example_dags/tutorial_dag.py
[2023-09-17T14:03:05.366+0000] {logging_mixin.py:151} INFO - [2023-09-17T14:03:05.366+0000] {dag.py:2915} INFO - Sync 1 DAGs
[2023-09-17T14:03:05.372+0000] {logging_mixin.py:151} INFO - [2023-09-17T14:03:05.372+0000] {dag.py:3696} INFO - Setting next_dagrun for tutorial_dag to None, run_after=None
[2023-09-17T14:03:05.381+0000] {processor.py:179} INFO - Processing /home/airflow/.local/lib/python3.8/site-packages/airflow/example_dags/tutorial_dag.py took 0.031 seconds
[2023-09-17T14:03:35.939+0000] {processor.py:157} INFO - Started process (PID=244) to work on /home/airflow/.local/lib/python3.8/site-packages/airflow/example_dags/tutorial_dag.py
[2023-09-17T14:03:35.940+0000] {processor.py:829} INFO - Processing file /home/airflow/.local/lib/python3.8/site-packages/airflow/example_dags/tutorial_dag.py for tasks to queue
[2023-09-17T14:03:35.941+0000] {logging_mixin.py:151} INFO - [2023-09-17T14:03:35.941+0000] {dagbag.py:539} INFO - Filling up the DagBag from /home/airflow/.local/lib/python3.8/site-packages/airflow/example_dags/tutorial_dag.py
[2023-09-17T14:03:35.944+0000] {processor.py:839} INFO - DAG(s) dict_keys(['tutorial_dag']) retrieved from /home/airflow/.local/lib/python3.8/site-packages/airflow/example_dags/tutorial_dag.py
[2023-09-17T14:03:35.954+0000] {logging_mixin.py:151} INFO - [2023-09-17T14:03:35.954+0000] {dag.py:2915} INFO - Sync 1 DAGs
[2023-09-17T14:03:35.961+0000] {logging_mixin.py:151} INFO - [2023-09-17T14:03:35.961+0000] {dag.py:3696} INFO - Setting next_dagrun for tutorial_dag to None, run_after=None
[2023-09-17T14:03:35.970+0000] {processor.py:179} INFO - Processing /home/airflow/.local/lib/python3.8/site-packages/airflow/example_dags/tutorial_dag.py took 0.033 seconds
[2023-09-17T14:04:06.535+0000] {processor.py:157} INFO - Started process (PID=298) to work on /home/airflow/.local/lib/python3.8/site-packages/airflow/example_dags/tutorial_dag.py
[2023-09-17T14:04:06.536+0000] {processor.py:829} INFO - Processing file /home/airflow/.local/lib/python3.8/site-packages/airflow/example_dags/tutorial_dag.py for tasks to queue
[2023-09-17T14:04:06.537+0000] {logging_mixin.py:151} INFO - [2023-09-17T14:04:06.537+0000] {dagbag.py:539} INFO - Filling up the DagBag from /home/airflow/.local/lib/python3.8/site-packages/airflow/example_dags/tutorial_dag.py
[2023-09-17T14:04:06.540+0000] {processor.py:839} INFO - DAG(s) dict_keys(['tutorial_dag']) retrieved from /home/airflow/.local/lib/python3.8/site-packages/airflow/example_dags/tutorial_dag.py
[2023-09-17T14:04:06.551+0000] {logging_mixin.py:151} INFO - [2023-09-17T14:04:06.551+0000] {dag.py:2915} INFO - Sync 1 DAGs
[2023-09-17T14:04:06.557+0000] {logging_mixin.py:151} INFO - [2023-09-17T14:04:06.557+0000] {dag.py:3696} INFO - Setting next_dagrun for tutorial_dag to None, run_after=None
[2023-09-17T14:04:06.566+0000] {processor.py:179} INFO - Processing /home/airflow/.local/lib/python3.8/site-packages/airflow/example_dags/tutorial_dag.py took 0.033 seconds
[2023-09-17T14:04:37.028+0000] {processor.py:157} INFO - Started process (PID=352) to work on /home/airflow/.local/lib/python3.8/site-packages/airflow/example_dags/tutorial_dag.py
[2023-09-17T14:04:37.029+0000] {processor.py:829} INFO - Processing file /home/airflow/.local/lib/python3.8/site-packages/airflow/example_dags/tutorial_dag.py for tasks to queue
[2023-09-17T14:04:37.030+0000] {logging_mixin.py:151} INFO - [2023-09-17T14:04:37.029+0000] {dagbag.py:539} INFO - Filling up the DagBag from /home/airflow/.local/lib/python3.8/site-packages/airflow/example_dags/tutorial_dag.py
[2023-09-17T14:04:37.032+0000] {processor.py:839} INFO - DAG(s) dict_keys(['tutorial_dag']) retrieved from /home/airflow/.local/lib/python3.8/site-packages/airflow/example_dags/tutorial_dag.py
[2023-09-17T14:04:37.043+0000] {logging_mixin.py:151} INFO - [2023-09-17T14:04:37.043+0000] {dag.py:2915} INFO - Sync 1 DAGs
[2023-09-17T14:04:37.049+0000] {logging_mixin.py:151} INFO - [2023-09-17T14:04:37.049+0000] {dag.py:3696} INFO - Setting next_dagrun for tutorial_dag to None, run_after=None
[2023-09-17T14:04:37.058+0000] {processor.py:179} INFO - Processing /home/airflow/.local/lib/python3.8/site-packages/airflow/example_dags/tutorial_dag.py took 0.031 seconds
[2023-09-17T14:19:37.805+0000] {processor.py:157} INFO - Started process (PID=82) to work on /home/airflow/.local/lib/python3.8/site-packages/airflow/example_dags/tutorial_dag.py
[2023-09-17T14:19:37.806+0000] {processor.py:829} INFO - Processing file /home/airflow/.local/lib/python3.8/site-packages/airflow/example_dags/tutorial_dag.py for tasks to queue
[2023-09-17T14:19:37.807+0000] {logging_mixin.py:151} INFO - [2023-09-17T14:19:37.806+0000] {dagbag.py:539} INFO - Filling up the DagBag from /home/airflow/.local/lib/python3.8/site-packages/airflow/example_dags/tutorial_dag.py
[2023-09-17T14:19:37.810+0000] {processor.py:839} INFO - DAG(s) dict_keys(['tutorial_dag']) retrieved from /home/airflow/.local/lib/python3.8/site-packages/airflow/example_dags/tutorial_dag.py
[2023-09-17T14:19:37.816+0000] {logging_mixin.py:151} INFO - [2023-09-17T14:19:37.816+0000] {dag.py:2915} INFO - Sync 1 DAGs
[2023-09-17T14:19:37.824+0000] {logging_mixin.py:151} INFO - [2023-09-17T14:19:37.823+0000] {dag.py:3696} INFO - Setting next_dagrun for tutorial_dag to None, run_after=None
[2023-09-17T14:19:37.833+0000] {processor.py:179} INFO - Processing /home/airflow/.local/lib/python3.8/site-packages/airflow/example_dags/tutorial_dag.py took 0.030 seconds
[2023-09-17T14:20:08.093+0000] {processor.py:157} INFO - Started process (PID=136) to work on /home/airflow/.local/lib/python3.8/site-packages/airflow/example_dags/tutorial_dag.py
[2023-09-17T14:20:08.093+0000] {processor.py:829} INFO - Processing file /home/airflow/.local/lib/python3.8/site-packages/airflow/example_dags/tutorial_dag.py for tasks to queue
[2023-09-17T14:20:08.094+0000] {logging_mixin.py:151} INFO - [2023-09-17T14:20:08.094+0000] {dagbag.py:539} INFO - Filling up the DagBag from /home/airflow/.local/lib/python3.8/site-packages/airflow/example_dags/tutorial_dag.py
[2023-09-17T14:20:08.097+0000] {processor.py:839} INFO - DAG(s) dict_keys(['tutorial_dag']) retrieved from /home/airflow/.local/lib/python3.8/site-packages/airflow/example_dags/tutorial_dag.py
[2023-09-17T14:20:08.107+0000] {logging_mixin.py:151} INFO - [2023-09-17T14:20:08.107+0000] {dag.py:2915} INFO - Sync 1 DAGs
[2023-09-17T14:20:08.114+0000] {logging_mixin.py:151} INFO - [2023-09-17T14:20:08.114+0000] {dag.py:3696} INFO - Setting next_dagrun for tutorial_dag to None, run_after=None
[2023-09-17T14:20:08.123+0000] {processor.py:179} INFO - Processing /home/airflow/.local/lib/python3.8/site-packages/airflow/example_dags/tutorial_dag.py took 0.031 seconds
[2023-09-17T14:20:38.718+0000] {processor.py:157} INFO - Started process (PID=221) to work on /home/airflow/.local/lib/python3.8/site-packages/airflow/example_dags/tutorial_dag.py
[2023-09-17T14:20:38.719+0000] {processor.py:829} INFO - Processing file /home/airflow/.local/lib/python3.8/site-packages/airflow/example_dags/tutorial_dag.py for tasks to queue
[2023-09-17T14:20:38.720+0000] {logging_mixin.py:151} INFO - [2023-09-17T14:20:38.720+0000] {dagbag.py:539} INFO - Filling up the DagBag from /home/airflow/.local/lib/python3.8/site-packages/airflow/example_dags/tutorial_dag.py
[2023-09-17T14:20:38.722+0000] {processor.py:839} INFO - DAG(s) dict_keys(['tutorial_dag']) retrieved from /home/airflow/.local/lib/python3.8/site-packages/airflow/example_dags/tutorial_dag.py
[2023-09-17T14:20:38.733+0000] {logging_mixin.py:151} INFO - [2023-09-17T14:20:38.733+0000] {dag.py:2915} INFO - Sync 1 DAGs
[2023-09-17T14:20:38.739+0000] {logging_mixin.py:151} INFO - [2023-09-17T14:20:38.739+0000] {dag.py:3696} INFO - Setting next_dagrun for tutorial_dag to None, run_after=None
[2023-09-17T14:20:38.748+0000] {processor.py:179} INFO - Processing /home/airflow/.local/lib/python3.8/site-packages/airflow/example_dags/tutorial_dag.py took 0.032 seconds
[2023-09-17T14:21:09.346+0000] {processor.py:157} INFO - Started process (PID=299) to work on /home/airflow/.local/lib/python3.8/site-packages/airflow/example_dags/tutorial_dag.py
[2023-09-17T14:21:09.346+0000] {processor.py:829} INFO - Processing file /home/airflow/.local/lib/python3.8/site-packages/airflow/example_dags/tutorial_dag.py for tasks to queue
[2023-09-17T14:21:09.347+0000] {logging_mixin.py:151} INFO - [2023-09-17T14:21:09.347+0000] {dagbag.py:539} INFO - Filling up the DagBag from /home/airflow/.local/lib/python3.8/site-packages/airflow/example_dags/tutorial_dag.py
[2023-09-17T14:21:09.350+0000] {processor.py:839} INFO - DAG(s) dict_keys(['tutorial_dag']) retrieved from /home/airflow/.local/lib/python3.8/site-packages/airflow/example_dags/tutorial_dag.py
[2023-09-17T14:21:09.360+0000] {logging_mixin.py:151} INFO - [2023-09-17T14:21:09.359+0000] {dag.py:2915} INFO - Sync 1 DAGs
[2023-09-17T14:21:09.366+0000] {logging_mixin.py:151} INFO - [2023-09-17T14:21:09.366+0000] {dag.py:3696} INFO - Setting next_dagrun for tutorial_dag to None, run_after=None
[2023-09-17T14:21:09.375+0000] {processor.py:179} INFO - Processing /home/airflow/.local/lib/python3.8/site-packages/airflow/example_dags/tutorial_dag.py took 0.031 seconds
[2023-09-17T14:21:39.981+0000] {processor.py:157} INFO - Started process (PID=361) to work on /home/airflow/.local/lib/python3.8/site-packages/airflow/example_dags/tutorial_dag.py
[2023-09-17T14:21:39.981+0000] {processor.py:829} INFO - Processing file /home/airflow/.local/lib/python3.8/site-packages/airflow/example_dags/tutorial_dag.py for tasks to queue
[2023-09-17T14:21:39.982+0000] {logging_mixin.py:151} INFO - [2023-09-17T14:21:39.982+0000] {dagbag.py:539} INFO - Filling up the DagBag from /home/airflow/.local/lib/python3.8/site-packages/airflow/example_dags/tutorial_dag.py
[2023-09-17T14:21:39.985+0000] {processor.py:839} INFO - DAG(s) dict_keys(['tutorial_dag']) retrieved from /home/airflow/.local/lib/python3.8/site-packages/airflow/example_dags/tutorial_dag.py
[2023-09-17T14:21:39.995+0000] {logging_mixin.py:151} INFO - [2023-09-17T14:21:39.995+0000] {dag.py:2915} INFO - Sync 1 DAGs
[2023-09-17T14:21:40.002+0000] {logging_mixin.py:151} INFO - [2023-09-17T14:21:40.002+0000] {dag.py:3696} INFO - Setting next_dagrun for tutorial_dag to None, run_after=None
[2023-09-17T14:21:40.011+0000] {processor.py:179} INFO - Processing /home/airflow/.local/lib/python3.8/site-packages/airflow/example_dags/tutorial_dag.py took 0.032 seconds
[2023-09-17T14:22:10.558+0000] {processor.py:157} INFO - Started process (PID=462) to work on /home/airflow/.local/lib/python3.8/site-packages/airflow/example_dags/tutorial_dag.py
[2023-09-17T14:22:10.559+0000] {processor.py:829} INFO - Processing file /home/airflow/.local/lib/python3.8/site-packages/airflow/example_dags/tutorial_dag.py for tasks to queue
[2023-09-17T14:22:10.560+0000] {logging_mixin.py:151} INFO - [2023-09-17T14:22:10.559+0000] {dagbag.py:539} INFO - Filling up the DagBag from /home/airflow/.local/lib/python3.8/site-packages/airflow/example_dags/tutorial_dag.py
[2023-09-17T14:22:10.562+0000] {processor.py:839} INFO - DAG(s) dict_keys(['tutorial_dag']) retrieved from /home/airflow/.local/lib/python3.8/site-packages/airflow/example_dags/tutorial_dag.py
[2023-09-17T14:22:10.572+0000] {logging_mixin.py:151} INFO - [2023-09-17T14:22:10.572+0000] {dag.py:2915} INFO - Sync 1 DAGs
[2023-09-17T14:22:10.578+0000] {logging_mixin.py:151} INFO - [2023-09-17T14:22:10.578+0000] {dag.py:3696} INFO - Setting next_dagrun for tutorial_dag to None, run_after=None
[2023-09-17T14:22:10.587+0000] {processor.py:179} INFO - Processing /home/airflow/.local/lib/python3.8/site-packages/airflow/example_dags/tutorial_dag.py took 0.031 seconds
[2023-09-17T14:22:41.211+0000] {processor.py:157} INFO - Started process (PID=531) to work on /home/airflow/.local/lib/python3.8/site-packages/airflow/example_dags/tutorial_dag.py
[2023-09-17T14:22:41.211+0000] {processor.py:829} INFO - Processing file /home/airflow/.local/lib/python3.8/site-packages/airflow/example_dags/tutorial_dag.py for tasks to queue
[2023-09-17T14:22:41.212+0000] {logging_mixin.py:151} INFO - [2023-09-17T14:22:41.212+0000] {dagbag.py:539} INFO - Filling up the DagBag from /home/airflow/.local/lib/python3.8/site-packages/airflow/example_dags/tutorial_dag.py
[2023-09-17T14:22:41.215+0000] {processor.py:839} INFO - DAG(s) dict_keys(['tutorial_dag']) retrieved from /home/airflow/.local/lib/python3.8/site-packages/airflow/example_dags/tutorial_dag.py
[2023-09-17T14:22:41.225+0000] {logging_mixin.py:151} INFO - [2023-09-17T14:22:41.225+0000] {dag.py:2915} INFO - Sync 1 DAGs
[2023-09-17T14:22:41.231+0000] {logging_mixin.py:151} INFO - [2023-09-17T14:22:41.231+0000] {dag.py:3696} INFO - Setting next_dagrun for tutorial_dag to None, run_after=None
[2023-09-17T14:22:41.241+0000] {processor.py:179} INFO - Processing /home/airflow/.local/lib/python3.8/site-packages/airflow/example_dags/tutorial_dag.py took 0.032 seconds
[2023-09-17T14:23:11.878+0000] {processor.py:157} INFO - Started process (PID=646) to work on /home/airflow/.local/lib/python3.8/site-packages/airflow/example_dags/tutorial_dag.py
[2023-09-17T14:23:11.878+0000] {processor.py:829} INFO - Processing file /home/airflow/.local/lib/python3.8/site-packages/airflow/example_dags/tutorial_dag.py for tasks to queue
[2023-09-17T14:23:11.879+0000] {logging_mixin.py:151} INFO - [2023-09-17T14:23:11.879+0000] {dagbag.py:539} INFO - Filling up the DagBag from /home/airflow/.local/lib/python3.8/site-packages/airflow/example_dags/tutorial_dag.py
[2023-09-17T14:23:11.882+0000] {processor.py:839} INFO - DAG(s) dict_keys(['tutorial_dag']) retrieved from /home/airflow/.local/lib/python3.8/site-packages/airflow/example_dags/tutorial_dag.py
[2023-09-17T14:23:11.892+0000] {logging_mixin.py:151} INFO - [2023-09-17T14:23:11.891+0000] {dag.py:2915} INFO - Sync 1 DAGs
[2023-09-17T14:23:11.898+0000] {logging_mixin.py:151} INFO - [2023-09-17T14:23:11.898+0000] {dag.py:3696} INFO - Setting next_dagrun for tutorial_dag to None, run_after=None
[2023-09-17T14:23:11.907+0000] {processor.py:179} INFO - Processing /home/airflow/.local/lib/python3.8/site-packages/airflow/example_dags/tutorial_dag.py took 0.032 seconds
[2023-09-17T14:23:42.518+0000] {processor.py:157} INFO - Started process (PID=700) to work on /home/airflow/.local/lib/python3.8/site-packages/airflow/example_dags/tutorial_dag.py
[2023-09-17T14:23:42.519+0000] {processor.py:829} INFO - Processing file /home/airflow/.local/lib/python3.8/site-packages/airflow/example_dags/tutorial_dag.py for tasks to queue
[2023-09-17T14:23:42.519+0000] {logging_mixin.py:151} INFO - [2023-09-17T14:23:42.519+0000] {dagbag.py:539} INFO - Filling up the DagBag from /home/airflow/.local/lib/python3.8/site-packages/airflow/example_dags/tutorial_dag.py
[2023-09-17T14:23:42.522+0000] {processor.py:839} INFO - DAG(s) dict_keys(['tutorial_dag']) retrieved from /home/airflow/.local/lib/python3.8/site-packages/airflow/example_dags/tutorial_dag.py
[2023-09-17T14:23:42.532+0000] {logging_mixin.py:151} INFO - [2023-09-17T14:23:42.532+0000] {dag.py:2915} INFO - Sync 1 DAGs
[2023-09-17T14:23:42.538+0000] {logging_mixin.py:151} INFO - [2023-09-17T14:23:42.538+0000] {dag.py:3696} INFO - Setting next_dagrun for tutorial_dag to None, run_after=None
[2023-09-17T14:23:42.546+0000] {processor.py:179} INFO - Processing /home/airflow/.local/lib/python3.8/site-packages/airflow/example_dags/tutorial_dag.py took 0.030 seconds
[2023-09-17T14:24:13.060+0000] {processor.py:157} INFO - Started process (PID=783) to work on /home/airflow/.local/lib/python3.8/site-packages/airflow/example_dags/tutorial_dag.py
[2023-09-17T14:24:13.060+0000] {processor.py:829} INFO - Processing file /home/airflow/.local/lib/python3.8/site-packages/airflow/example_dags/tutorial_dag.py for tasks to queue
[2023-09-17T14:24:13.061+0000] {logging_mixin.py:151} INFO - [2023-09-17T14:24:13.061+0000] {dagbag.py:539} INFO - Filling up the DagBag from /home/airflow/.local/lib/python3.8/site-packages/airflow/example_dags/tutorial_dag.py
[2023-09-17T14:24:13.064+0000] {processor.py:839} INFO - DAG(s) dict_keys(['tutorial_dag']) retrieved from /home/airflow/.local/lib/python3.8/site-packages/airflow/example_dags/tutorial_dag.py
[2023-09-17T14:24:13.075+0000] {logging_mixin.py:151} INFO - [2023-09-17T14:24:13.075+0000] {dag.py:2915} INFO - Sync 1 DAGs
[2023-09-17T14:24:13.083+0000] {logging_mixin.py:151} INFO - [2023-09-17T14:24:13.082+0000] {dag.py:3696} INFO - Setting next_dagrun for tutorial_dag to None, run_after=None
[2023-09-17T14:24:13.092+0000] {processor.py:179} INFO - Processing /home/airflow/.local/lib/python3.8/site-packages/airflow/example_dags/tutorial_dag.py took 0.035 seconds
[2023-09-17T14:24:43.660+0000] {processor.py:157} INFO - Started process (PID=851) to work on /home/airflow/.local/lib/python3.8/site-packages/airflow/example_dags/tutorial_dag.py
[2023-09-17T14:24:43.661+0000] {processor.py:829} INFO - Processing file /home/airflow/.local/lib/python3.8/site-packages/airflow/example_dags/tutorial_dag.py for tasks to queue
[2023-09-17T14:24:43.662+0000] {logging_mixin.py:151} INFO - [2023-09-17T14:24:43.662+0000] {dagbag.py:539} INFO - Filling up the DagBag from /home/airflow/.local/lib/python3.8/site-packages/airflow/example_dags/tutorial_dag.py
[2023-09-17T14:24:43.665+0000] {processor.py:839} INFO - DAG(s) dict_keys(['tutorial_dag']) retrieved from /home/airflow/.local/lib/python3.8/site-packages/airflow/example_dags/tutorial_dag.py
[2023-09-17T14:24:43.746+0000] {logging_mixin.py:151} INFO - [2023-09-17T14:24:43.745+0000] {dag.py:2915} INFO - Sync 1 DAGs
[2023-09-17T14:24:43.762+0000] {logging_mixin.py:151} INFO - [2023-09-17T14:24:43.761+0000] {dag.py:3696} INFO - Setting next_dagrun for tutorial_dag to None, run_after=None
[2023-09-17T14:24:43.772+0000] {processor.py:179} INFO - Processing /home/airflow/.local/lib/python3.8/site-packages/airflow/example_dags/tutorial_dag.py took 0.114 seconds
[2023-09-17T14:25:14.318+0000] {processor.py:157} INFO - Started process (PID=934) to work on /home/airflow/.local/lib/python3.8/site-packages/airflow/example_dags/tutorial_dag.py
[2023-09-17T14:25:14.319+0000] {processor.py:829} INFO - Processing file /home/airflow/.local/lib/python3.8/site-packages/airflow/example_dags/tutorial_dag.py for tasks to queue
[2023-09-17T14:25:14.320+0000] {logging_mixin.py:151} INFO - [2023-09-17T14:25:14.320+0000] {dagbag.py:539} INFO - Filling up the DagBag from /home/airflow/.local/lib/python3.8/site-packages/airflow/example_dags/tutorial_dag.py
[2023-09-17T14:25:14.322+0000] {processor.py:839} INFO - DAG(s) dict_keys(['tutorial_dag']) retrieved from /home/airflow/.local/lib/python3.8/site-packages/airflow/example_dags/tutorial_dag.py
[2023-09-17T14:25:14.333+0000] {logging_mixin.py:151} INFO - [2023-09-17T14:25:14.333+0000] {dag.py:2915} INFO - Sync 1 DAGs
[2023-09-17T14:25:14.339+0000] {logging_mixin.py:151} INFO - [2023-09-17T14:25:14.339+0000] {dag.py:3696} INFO - Setting next_dagrun for tutorial_dag to None, run_after=None
[2023-09-17T14:25:14.348+0000] {processor.py:179} INFO - Processing /home/airflow/.local/lib/python3.8/site-packages/airflow/example_dags/tutorial_dag.py took 0.031 seconds
[2023-09-17T14:25:45.023+0000] {processor.py:157} INFO - Started process (PID=988) to work on /home/airflow/.local/lib/python3.8/site-packages/airflow/example_dags/tutorial_dag.py
[2023-09-17T14:25:45.023+0000] {processor.py:829} INFO - Processing file /home/airflow/.local/lib/python3.8/site-packages/airflow/example_dags/tutorial_dag.py for tasks to queue
[2023-09-17T14:25:45.024+0000] {logging_mixin.py:151} INFO - [2023-09-17T14:25:45.024+0000] {dagbag.py:539} INFO - Filling up the DagBag from /home/airflow/.local/lib/python3.8/site-packages/airflow/example_dags/tutorial_dag.py
[2023-09-17T14:25:45.027+0000] {processor.py:839} INFO - DAG(s) dict_keys(['tutorial_dag']) retrieved from /home/airflow/.local/lib/python3.8/site-packages/airflow/example_dags/tutorial_dag.py
[2023-09-17T14:25:45.037+0000] {logging_mixin.py:151} INFO - [2023-09-17T14:25:45.037+0000] {dag.py:2915} INFO - Sync 1 DAGs
[2023-09-17T14:25:45.043+0000] {logging_mixin.py:151} INFO - [2023-09-17T14:25:45.043+0000] {dag.py:3696} INFO - Setting next_dagrun for tutorial_dag to None, run_after=None
[2023-09-17T14:25:45.052+0000] {processor.py:179} INFO - Processing /home/airflow/.local/lib/python3.8/site-packages/airflow/example_dags/tutorial_dag.py took 0.030 seconds
[2023-09-17T14:26:15.780+0000] {processor.py:157} INFO - Started process (PID=1042) to work on /home/airflow/.local/lib/python3.8/site-packages/airflow/example_dags/tutorial_dag.py
[2023-09-17T14:26:15.781+0000] {processor.py:829} INFO - Processing file /home/airflow/.local/lib/python3.8/site-packages/airflow/example_dags/tutorial_dag.py for tasks to queue
[2023-09-17T14:26:15.782+0000] {logging_mixin.py:151} INFO - [2023-09-17T14:26:15.782+0000] {dagbag.py:539} INFO - Filling up the DagBag from /home/airflow/.local/lib/python3.8/site-packages/airflow/example_dags/tutorial_dag.py
[2023-09-17T14:26:15.785+0000] {processor.py:839} INFO - DAG(s) dict_keys(['tutorial_dag']) retrieved from /home/airflow/.local/lib/python3.8/site-packages/airflow/example_dags/tutorial_dag.py
[2023-09-17T14:26:15.794+0000] {logging_mixin.py:151} INFO - [2023-09-17T14:26:15.794+0000] {dag.py:2915} INFO - Sync 1 DAGs
[2023-09-17T14:26:15.801+0000] {logging_mixin.py:151} INFO - [2023-09-17T14:26:15.801+0000] {dag.py:3696} INFO - Setting next_dagrun for tutorial_dag to None, run_after=None
[2023-09-17T14:26:15.809+0000] {processor.py:179} INFO - Processing /home/airflow/.local/lib/python3.8/site-packages/airflow/example_dags/tutorial_dag.py took 0.031 seconds
[2023-09-17T14:26:46.492+0000] {processor.py:157} INFO - Started process (PID=1096) to work on /home/airflow/.local/lib/python3.8/site-packages/airflow/example_dags/tutorial_dag.py
[2023-09-17T14:26:46.492+0000] {processor.py:829} INFO - Processing file /home/airflow/.local/lib/python3.8/site-packages/airflow/example_dags/tutorial_dag.py for tasks to queue
[2023-09-17T14:26:46.493+0000] {logging_mixin.py:151} INFO - [2023-09-17T14:26:46.493+0000] {dagbag.py:539} INFO - Filling up the DagBag from /home/airflow/.local/lib/python3.8/site-packages/airflow/example_dags/tutorial_dag.py
[2023-09-17T14:26:46.496+0000] {processor.py:839} INFO - DAG(s) dict_keys(['tutorial_dag']) retrieved from /home/airflow/.local/lib/python3.8/site-packages/airflow/example_dags/tutorial_dag.py
[2023-09-17T14:26:46.506+0000] {logging_mixin.py:151} INFO - [2023-09-17T14:26:46.506+0000] {dag.py:2915} INFO - Sync 1 DAGs
[2023-09-17T14:26:46.512+0000] {logging_mixin.py:151} INFO - [2023-09-17T14:26:46.512+0000] {dag.py:3696} INFO - Setting next_dagrun for tutorial_dag to None, run_after=None
[2023-09-17T14:26:46.521+0000] {processor.py:179} INFO - Processing /home/airflow/.local/lib/python3.8/site-packages/airflow/example_dags/tutorial_dag.py took 0.030 seconds
[2023-09-17T14:27:17.151+0000] {processor.py:157} INFO - Started process (PID=1151) to work on /home/airflow/.local/lib/python3.8/site-packages/airflow/example_dags/tutorial_dag.py
[2023-09-17T14:27:17.152+0000] {processor.py:829} INFO - Processing file /home/airflow/.local/lib/python3.8/site-packages/airflow/example_dags/tutorial_dag.py for tasks to queue
[2023-09-17T14:27:17.153+0000] {logging_mixin.py:151} INFO - [2023-09-17T14:27:17.152+0000] {dagbag.py:539} INFO - Filling up the DagBag from /home/airflow/.local/lib/python3.8/site-packages/airflow/example_dags/tutorial_dag.py
[2023-09-17T14:27:17.155+0000] {processor.py:839} INFO - DAG(s) dict_keys(['tutorial_dag']) retrieved from /home/airflow/.local/lib/python3.8/site-packages/airflow/example_dags/tutorial_dag.py
[2023-09-17T14:27:17.166+0000] {logging_mixin.py:151} INFO - [2023-09-17T14:27:17.166+0000] {dag.py:2915} INFO - Sync 1 DAGs
[2023-09-17T14:27:17.174+0000] {logging_mixin.py:151} INFO - [2023-09-17T14:27:17.173+0000] {dag.py:3696} INFO - Setting next_dagrun for tutorial_dag to None, run_after=None
[2023-09-17T14:27:17.183+0000] {processor.py:179} INFO - Processing /home/airflow/.local/lib/python3.8/site-packages/airflow/example_dags/tutorial_dag.py took 0.034 seconds
[2023-09-17T14:27:47.931+0000] {processor.py:157} INFO - Started process (PID=1205) to work on /home/airflow/.local/lib/python3.8/site-packages/airflow/example_dags/tutorial_dag.py
[2023-09-17T14:27:47.931+0000] {processor.py:829} INFO - Processing file /home/airflow/.local/lib/python3.8/site-packages/airflow/example_dags/tutorial_dag.py for tasks to queue
[2023-09-17T14:27:47.932+0000] {logging_mixin.py:151} INFO - [2023-09-17T14:27:47.932+0000] {dagbag.py:539} INFO - Filling up the DagBag from /home/airflow/.local/lib/python3.8/site-packages/airflow/example_dags/tutorial_dag.py
[2023-09-17T14:27:47.935+0000] {processor.py:839} INFO - DAG(s) dict_keys(['tutorial_dag']) retrieved from /home/airflow/.local/lib/python3.8/site-packages/airflow/example_dags/tutorial_dag.py
[2023-09-17T14:27:47.946+0000] {logging_mixin.py:151} INFO - [2023-09-17T14:27:47.946+0000] {dag.py:2915} INFO - Sync 1 DAGs
[2023-09-17T14:27:47.952+0000] {logging_mixin.py:151} INFO - [2023-09-17T14:27:47.952+0000] {dag.py:3696} INFO - Setting next_dagrun for tutorial_dag to None, run_after=None
[2023-09-17T14:27:47.963+0000] {processor.py:179} INFO - Processing /home/airflow/.local/lib/python3.8/site-packages/airflow/example_dags/tutorial_dag.py took 0.034 seconds
[2023-09-17T14:28:18.513+0000] {processor.py:157} INFO - Started process (PID=1259) to work on /home/airflow/.local/lib/python3.8/site-packages/airflow/example_dags/tutorial_dag.py
[2023-09-17T14:28:18.513+0000] {processor.py:829} INFO - Processing file /home/airflow/.local/lib/python3.8/site-packages/airflow/example_dags/tutorial_dag.py for tasks to queue
[2023-09-17T14:28:18.514+0000] {logging_mixin.py:151} INFO - [2023-09-17T14:28:18.514+0000] {dagbag.py:539} INFO - Filling up the DagBag from /home/airflow/.local/lib/python3.8/site-packages/airflow/example_dags/tutorial_dag.py
[2023-09-17T14:28:18.517+0000] {processor.py:839} INFO - DAG(s) dict_keys(['tutorial_dag']) retrieved from /home/airflow/.local/lib/python3.8/site-packages/airflow/example_dags/tutorial_dag.py
[2023-09-17T14:28:18.527+0000] {logging_mixin.py:151} INFO - [2023-09-17T14:28:18.527+0000] {dag.py:2915} INFO - Sync 1 DAGs
[2023-09-17T14:28:18.534+0000] {logging_mixin.py:151} INFO - [2023-09-17T14:28:18.534+0000] {dag.py:3696} INFO - Setting next_dagrun for tutorial_dag to None, run_after=None
[2023-09-17T14:28:18.542+0000] {processor.py:179} INFO - Processing /home/airflow/.local/lib/python3.8/site-packages/airflow/example_dags/tutorial_dag.py took 0.031 seconds
[2023-09-17T14:28:49.273+0000] {processor.py:157} INFO - Started process (PID=1313) to work on /home/airflow/.local/lib/python3.8/site-packages/airflow/example_dags/tutorial_dag.py
[2023-09-17T14:28:49.273+0000] {processor.py:829} INFO - Processing file /home/airflow/.local/lib/python3.8/site-packages/airflow/example_dags/tutorial_dag.py for tasks to queue
[2023-09-17T14:28:49.274+0000] {logging_mixin.py:151} INFO - [2023-09-17T14:28:49.274+0000] {dagbag.py:539} INFO - Filling up the DagBag from /home/airflow/.local/lib/python3.8/site-packages/airflow/example_dags/tutorial_dag.py
[2023-09-17T14:28:49.277+0000] {processor.py:839} INFO - DAG(s) dict_keys(['tutorial_dag']) retrieved from /home/airflow/.local/lib/python3.8/site-packages/airflow/example_dags/tutorial_dag.py
[2023-09-17T14:28:49.288+0000] {logging_mixin.py:151} INFO - [2023-09-17T14:28:49.288+0000] {dag.py:2915} INFO - Sync 1 DAGs
[2023-09-17T14:28:49.294+0000] {logging_mixin.py:151} INFO - [2023-09-17T14:28:49.294+0000] {dag.py:3696} INFO - Setting next_dagrun for tutorial_dag to None, run_after=None
[2023-09-17T14:28:49.303+0000] {processor.py:179} INFO - Processing /home/airflow/.local/lib/python3.8/site-packages/airflow/example_dags/tutorial_dag.py took 0.032 seconds
[2023-09-17T14:29:19.806+0000] {processor.py:157} INFO - Started process (PID=1367) to work on /home/airflow/.local/lib/python3.8/site-packages/airflow/example_dags/tutorial_dag.py
[2023-09-17T14:29:19.807+0000] {processor.py:829} INFO - Processing file /home/airflow/.local/lib/python3.8/site-packages/airflow/example_dags/tutorial_dag.py for tasks to queue
[2023-09-17T14:29:19.808+0000] {logging_mixin.py:151} INFO - [2023-09-17T14:29:19.808+0000] {dagbag.py:539} INFO - Filling up the DagBag from /home/airflow/.local/lib/python3.8/site-packages/airflow/example_dags/tutorial_dag.py
[2023-09-17T14:29:19.811+0000] {processor.py:839} INFO - DAG(s) dict_keys(['tutorial_dag']) retrieved from /home/airflow/.local/lib/python3.8/site-packages/airflow/example_dags/tutorial_dag.py
[2023-09-17T14:29:19.822+0000] {logging_mixin.py:151} INFO - [2023-09-17T14:29:19.822+0000] {dag.py:2915} INFO - Sync 1 DAGs
[2023-09-17T14:29:19.828+0000] {logging_mixin.py:151} INFO - [2023-09-17T14:29:19.828+0000] {dag.py:3696} INFO - Setting next_dagrun for tutorial_dag to None, run_after=None
[2023-09-17T14:29:19.838+0000] {processor.py:179} INFO - Processing /home/airflow/.local/lib/python3.8/site-packages/airflow/example_dags/tutorial_dag.py took 0.033 seconds
[2023-09-17T14:29:50.377+0000] {processor.py:157} INFO - Started process (PID=1421) to work on /home/airflow/.local/lib/python3.8/site-packages/airflow/example_dags/tutorial_dag.py
[2023-09-17T14:29:50.378+0000] {processor.py:829} INFO - Processing file /home/airflow/.local/lib/python3.8/site-packages/airflow/example_dags/tutorial_dag.py for tasks to queue
[2023-09-17T14:29:50.379+0000] {logging_mixin.py:151} INFO - [2023-09-17T14:29:50.379+0000] {dagbag.py:539} INFO - Filling up the DagBag from /home/airflow/.local/lib/python3.8/site-packages/airflow/example_dags/tutorial_dag.py
[2023-09-17T14:29:50.381+0000] {processor.py:839} INFO - DAG(s) dict_keys(['tutorial_dag']) retrieved from /home/airflow/.local/lib/python3.8/site-packages/airflow/example_dags/tutorial_dag.py
[2023-09-17T14:29:50.392+0000] {logging_mixin.py:151} INFO - [2023-09-17T14:29:50.392+0000] {dag.py:2915} INFO - Sync 1 DAGs
[2023-09-17T14:29:50.398+0000] {logging_mixin.py:151} INFO - [2023-09-17T14:29:50.398+0000] {dag.py:3696} INFO - Setting next_dagrun for tutorial_dag to None, run_after=None
[2023-09-17T14:29:50.408+0000] {processor.py:179} INFO - Processing /home/airflow/.local/lib/python3.8/site-packages/airflow/example_dags/tutorial_dag.py took 0.032 seconds
[2023-09-17T14:30:20.911+0000] {processor.py:157} INFO - Started process (PID=1475) to work on /home/airflow/.local/lib/python3.8/site-packages/airflow/example_dags/tutorial_dag.py
[2023-09-17T14:30:20.911+0000] {processor.py:829} INFO - Processing file /home/airflow/.local/lib/python3.8/site-packages/airflow/example_dags/tutorial_dag.py for tasks to queue
[2023-09-17T14:30:20.912+0000] {logging_mixin.py:151} INFO - [2023-09-17T14:30:20.912+0000] {dagbag.py:539} INFO - Filling up the DagBag from /home/airflow/.local/lib/python3.8/site-packages/airflow/example_dags/tutorial_dag.py
[2023-09-17T14:30:20.915+0000] {processor.py:839} INFO - DAG(s) dict_keys(['tutorial_dag']) retrieved from /home/airflow/.local/lib/python3.8/site-packages/airflow/example_dags/tutorial_dag.py
[2023-09-17T14:30:20.926+0000] {logging_mixin.py:151} INFO - [2023-09-17T14:30:20.925+0000] {dag.py:2915} INFO - Sync 1 DAGs
[2023-09-17T14:30:20.932+0000] {logging_mixin.py:151} INFO - [2023-09-17T14:30:20.932+0000] {dag.py:3696} INFO - Setting next_dagrun for tutorial_dag to None, run_after=None
[2023-09-17T14:30:20.941+0000] {processor.py:179} INFO - Processing /home/airflow/.local/lib/python3.8/site-packages/airflow/example_dags/tutorial_dag.py took 0.032 seconds
[2023-09-17T14:30:51.495+0000] {processor.py:157} INFO - Started process (PID=1529) to work on /home/airflow/.local/lib/python3.8/site-packages/airflow/example_dags/tutorial_dag.py
[2023-09-17T14:30:51.496+0000] {processor.py:829} INFO - Processing file /home/airflow/.local/lib/python3.8/site-packages/airflow/example_dags/tutorial_dag.py for tasks to queue
[2023-09-17T14:30:51.497+0000] {logging_mixin.py:151} INFO - [2023-09-17T14:30:51.497+0000] {dagbag.py:539} INFO - Filling up the DagBag from /home/airflow/.local/lib/python3.8/site-packages/airflow/example_dags/tutorial_dag.py
[2023-09-17T14:30:51.500+0000] {processor.py:839} INFO - DAG(s) dict_keys(['tutorial_dag']) retrieved from /home/airflow/.local/lib/python3.8/site-packages/airflow/example_dags/tutorial_dag.py
[2023-09-17T14:30:51.510+0000] {logging_mixin.py:151} INFO - [2023-09-17T14:30:51.510+0000] {dag.py:2915} INFO - Sync 1 DAGs
[2023-09-17T14:30:51.516+0000] {logging_mixin.py:151} INFO - [2023-09-17T14:30:51.516+0000] {dag.py:3696} INFO - Setting next_dagrun for tutorial_dag to None, run_after=None
[2023-09-17T14:30:51.525+0000] {processor.py:179} INFO - Processing /home/airflow/.local/lib/python3.8/site-packages/airflow/example_dags/tutorial_dag.py took 0.031 seconds
[2023-09-17T14:31:22.206+0000] {processor.py:157} INFO - Started process (PID=1583) to work on /home/airflow/.local/lib/python3.8/site-packages/airflow/example_dags/tutorial_dag.py
[2023-09-17T14:31:22.207+0000] {processor.py:829} INFO - Processing file /home/airflow/.local/lib/python3.8/site-packages/airflow/example_dags/tutorial_dag.py for tasks to queue
[2023-09-17T14:31:22.208+0000] {logging_mixin.py:151} INFO - [2023-09-17T14:31:22.207+0000] {dagbag.py:539} INFO - Filling up the DagBag from /home/airflow/.local/lib/python3.8/site-packages/airflow/example_dags/tutorial_dag.py
[2023-09-17T14:31:22.210+0000] {processor.py:839} INFO - DAG(s) dict_keys(['tutorial_dag']) retrieved from /home/airflow/.local/lib/python3.8/site-packages/airflow/example_dags/tutorial_dag.py
[2023-09-17T14:31:22.221+0000] {logging_mixin.py:151} INFO - [2023-09-17T14:31:22.221+0000] {dag.py:2915} INFO - Sync 1 DAGs
[2023-09-17T14:31:22.227+0000] {logging_mixin.py:151} INFO - [2023-09-17T14:31:22.227+0000] {dag.py:3696} INFO - Setting next_dagrun for tutorial_dag to None, run_after=None
[2023-09-17T14:31:22.236+0000] {processor.py:179} INFO - Processing /home/airflow/.local/lib/python3.8/site-packages/airflow/example_dags/tutorial_dag.py took 0.032 seconds
[2023-09-17T14:31:52.754+0000] {processor.py:157} INFO - Started process (PID=1637) to work on /home/airflow/.local/lib/python3.8/site-packages/airflow/example_dags/tutorial_dag.py
[2023-09-17T14:31:52.755+0000] {processor.py:829} INFO - Processing file /home/airflow/.local/lib/python3.8/site-packages/airflow/example_dags/tutorial_dag.py for tasks to queue
[2023-09-17T14:31:52.756+0000] {logging_mixin.py:151} INFO - [2023-09-17T14:31:52.756+0000] {dagbag.py:539} INFO - Filling up the DagBag from /home/airflow/.local/lib/python3.8/site-packages/airflow/example_dags/tutorial_dag.py
[2023-09-17T14:31:52.759+0000] {processor.py:839} INFO - DAG(s) dict_keys(['tutorial_dag']) retrieved from /home/airflow/.local/lib/python3.8/site-packages/airflow/example_dags/tutorial_dag.py
[2023-09-17T14:31:52.769+0000] {logging_mixin.py:151} INFO - [2023-09-17T14:31:52.769+0000] {dag.py:2915} INFO - Sync 1 DAGs
[2023-09-17T14:31:52.776+0000] {logging_mixin.py:151} INFO - [2023-09-17T14:31:52.776+0000] {dag.py:3696} INFO - Setting next_dagrun for tutorial_dag to None, run_after=None
[2023-09-17T14:31:52.786+0000] {processor.py:179} INFO - Processing /home/airflow/.local/lib/python3.8/site-packages/airflow/example_dags/tutorial_dag.py took 0.033 seconds
[2023-09-17T14:32:23.273+0000] {processor.py:157} INFO - Started process (PID=1691) to work on /home/airflow/.local/lib/python3.8/site-packages/airflow/example_dags/tutorial_dag.py
[2023-09-17T14:32:23.273+0000] {processor.py:829} INFO - Processing file /home/airflow/.local/lib/python3.8/site-packages/airflow/example_dags/tutorial_dag.py for tasks to queue
[2023-09-17T14:32:23.274+0000] {logging_mixin.py:151} INFO - [2023-09-17T14:32:23.274+0000] {dagbag.py:539} INFO - Filling up the DagBag from /home/airflow/.local/lib/python3.8/site-packages/airflow/example_dags/tutorial_dag.py
[2023-09-17T14:32:23.277+0000] {processor.py:839} INFO - DAG(s) dict_keys(['tutorial_dag']) retrieved from /home/airflow/.local/lib/python3.8/site-packages/airflow/example_dags/tutorial_dag.py
[2023-09-17T14:32:23.288+0000] {logging_mixin.py:151} INFO - [2023-09-17T14:32:23.288+0000] {dag.py:2915} INFO - Sync 1 DAGs
[2023-09-17T14:32:23.295+0000] {logging_mixin.py:151} INFO - [2023-09-17T14:32:23.295+0000] {dag.py:3696} INFO - Setting next_dagrun for tutorial_dag to None, run_after=None
[2023-09-17T14:32:23.304+0000] {processor.py:179} INFO - Processing /home/airflow/.local/lib/python3.8/site-packages/airflow/example_dags/tutorial_dag.py took 0.033 seconds
[2023-09-17T14:32:53.896+0000] {processor.py:157} INFO - Started process (PID=1745) to work on /home/airflow/.local/lib/python3.8/site-packages/airflow/example_dags/tutorial_dag.py
[2023-09-17T14:32:53.896+0000] {processor.py:829} INFO - Processing file /home/airflow/.local/lib/python3.8/site-packages/airflow/example_dags/tutorial_dag.py for tasks to queue
[2023-09-17T14:32:53.897+0000] {logging_mixin.py:151} INFO - [2023-09-17T14:32:53.897+0000] {dagbag.py:539} INFO - Filling up the DagBag from /home/airflow/.local/lib/python3.8/site-packages/airflow/example_dags/tutorial_dag.py
[2023-09-17T14:32:53.900+0000] {processor.py:839} INFO - DAG(s) dict_keys(['tutorial_dag']) retrieved from /home/airflow/.local/lib/python3.8/site-packages/airflow/example_dags/tutorial_dag.py
[2023-09-17T14:32:53.911+0000] {logging_mixin.py:151} INFO - [2023-09-17T14:32:53.911+0000] {dag.py:2915} INFO - Sync 1 DAGs
[2023-09-17T14:32:53.917+0000] {logging_mixin.py:151} INFO - [2023-09-17T14:32:53.917+0000] {dag.py:3696} INFO - Setting next_dagrun for tutorial_dag to None, run_after=None
[2023-09-17T14:32:53.926+0000] {processor.py:179} INFO - Processing /home/airflow/.local/lib/python3.8/site-packages/airflow/example_dags/tutorial_dag.py took 0.032 seconds
[2023-09-17T14:38:27.188+0000] {processor.py:157} INFO - Started process (PID=82) to work on /home/airflow/.local/lib/python3.8/site-packages/airflow/example_dags/tutorial_dag.py
[2023-09-17T14:38:27.189+0000] {processor.py:829} INFO - Processing file /home/airflow/.local/lib/python3.8/site-packages/airflow/example_dags/tutorial_dag.py for tasks to queue
[2023-09-17T14:38:27.190+0000] {logging_mixin.py:151} INFO - [2023-09-17T14:38:27.190+0000] {dagbag.py:539} INFO - Filling up the DagBag from /home/airflow/.local/lib/python3.8/site-packages/airflow/example_dags/tutorial_dag.py
[2023-09-17T14:38:27.193+0000] {processor.py:839} INFO - DAG(s) dict_keys(['tutorial_dag']) retrieved from /home/airflow/.local/lib/python3.8/site-packages/airflow/example_dags/tutorial_dag.py
[2023-09-17T14:38:27.199+0000] {logging_mixin.py:151} INFO - [2023-09-17T14:38:27.199+0000] {dag.py:2915} INFO - Sync 1 DAGs
[2023-09-17T14:38:27.206+0000] {logging_mixin.py:151} INFO - [2023-09-17T14:38:27.206+0000] {dag.py:3696} INFO - Setting next_dagrun for tutorial_dag to None, run_after=None
[2023-09-17T14:38:27.217+0000] {processor.py:179} INFO - Processing /home/airflow/.local/lib/python3.8/site-packages/airflow/example_dags/tutorial_dag.py took 0.030 seconds
[2023-09-17T14:38:57.900+0000] {processor.py:157} INFO - Started process (PID=168) to work on /home/airflow/.local/lib/python3.8/site-packages/airflow/example_dags/tutorial_dag.py
[2023-09-17T14:38:57.900+0000] {processor.py:829} INFO - Processing file /home/airflow/.local/lib/python3.8/site-packages/airflow/example_dags/tutorial_dag.py for tasks to queue
[2023-09-17T14:38:57.901+0000] {logging_mixin.py:151} INFO - [2023-09-17T14:38:57.901+0000] {dagbag.py:539} INFO - Filling up the DagBag from /home/airflow/.local/lib/python3.8/site-packages/airflow/example_dags/tutorial_dag.py
[2023-09-17T14:38:57.904+0000] {processor.py:839} INFO - DAG(s) dict_keys(['tutorial_dag']) retrieved from /home/airflow/.local/lib/python3.8/site-packages/airflow/example_dags/tutorial_dag.py
[2023-09-17T14:38:57.913+0000] {logging_mixin.py:151} INFO - [2023-09-17T14:38:57.913+0000] {dag.py:2915} INFO - Sync 1 DAGs
[2023-09-17T14:38:57.920+0000] {logging_mixin.py:151} INFO - [2023-09-17T14:38:57.919+0000] {dag.py:3696} INFO - Setting next_dagrun for tutorial_dag to None, run_after=None
[2023-09-17T14:38:57.929+0000] {processor.py:179} INFO - Processing /home/airflow/.local/lib/python3.8/site-packages/airflow/example_dags/tutorial_dag.py took 0.031 seconds
[2023-09-17T14:39:28.480+0000] {processor.py:157} INFO - Started process (PID=222) to work on /home/airflow/.local/lib/python3.8/site-packages/airflow/example_dags/tutorial_dag.py
[2023-09-17T14:39:28.481+0000] {processor.py:829} INFO - Processing file /home/airflow/.local/lib/python3.8/site-packages/airflow/example_dags/tutorial_dag.py for tasks to queue
[2023-09-17T14:39:28.482+0000] {logging_mixin.py:151} INFO - [2023-09-17T14:39:28.482+0000] {dagbag.py:539} INFO - Filling up the DagBag from /home/airflow/.local/lib/python3.8/site-packages/airflow/example_dags/tutorial_dag.py
[2023-09-17T14:39:28.485+0000] {processor.py:839} INFO - DAG(s) dict_keys(['tutorial_dag']) retrieved from /home/airflow/.local/lib/python3.8/site-packages/airflow/example_dags/tutorial_dag.py
[2023-09-17T14:39:28.495+0000] {logging_mixin.py:151} INFO - [2023-09-17T14:39:28.495+0000] {dag.py:2915} INFO - Sync 1 DAGs
[2023-09-17T14:39:28.503+0000] {logging_mixin.py:151} INFO - [2023-09-17T14:39:28.503+0000] {dag.py:3696} INFO - Setting next_dagrun for tutorial_dag to None, run_after=None
[2023-09-17T14:39:28.511+0000] {processor.py:179} INFO - Processing /home/airflow/.local/lib/python3.8/site-packages/airflow/example_dags/tutorial_dag.py took 0.033 seconds
[2023-09-17T14:39:59.041+0000] {processor.py:157} INFO - Started process (PID=308) to work on /home/airflow/.local/lib/python3.8/site-packages/airflow/example_dags/tutorial_dag.py
[2023-09-17T14:39:59.042+0000] {processor.py:829} INFO - Processing file /home/airflow/.local/lib/python3.8/site-packages/airflow/example_dags/tutorial_dag.py for tasks to queue
[2023-09-17T14:39:59.043+0000] {logging_mixin.py:151} INFO - [2023-09-17T14:39:59.043+0000] {dagbag.py:539} INFO - Filling up the DagBag from /home/airflow/.local/lib/python3.8/site-packages/airflow/example_dags/tutorial_dag.py
[2023-09-17T14:39:59.046+0000] {processor.py:839} INFO - DAG(s) dict_keys(['tutorial_dag']) retrieved from /home/airflow/.local/lib/python3.8/site-packages/airflow/example_dags/tutorial_dag.py
[2023-09-17T14:39:59.056+0000] {logging_mixin.py:151} INFO - [2023-09-17T14:39:59.056+0000] {dag.py:2915} INFO - Sync 1 DAGs
[2023-09-17T14:39:59.063+0000] {logging_mixin.py:151} INFO - [2023-09-17T14:39:59.063+0000] {dag.py:3696} INFO - Setting next_dagrun for tutorial_dag to None, run_after=None
[2023-09-17T14:39:59.073+0000] {processor.py:179} INFO - Processing /home/airflow/.local/lib/python3.8/site-packages/airflow/example_dags/tutorial_dag.py took 0.033 seconds
[2023-09-17T14:40:29.733+0000] {processor.py:157} INFO - Started process (PID=362) to work on /home/airflow/.local/lib/python3.8/site-packages/airflow/example_dags/tutorial_dag.py
[2023-09-17T14:40:29.734+0000] {processor.py:829} INFO - Processing file /home/airflow/.local/lib/python3.8/site-packages/airflow/example_dags/tutorial_dag.py for tasks to queue
[2023-09-17T14:40:29.735+0000] {logging_mixin.py:151} INFO - [2023-09-17T14:40:29.734+0000] {dagbag.py:539} INFO - Filling up the DagBag from /home/airflow/.local/lib/python3.8/site-packages/airflow/example_dags/tutorial_dag.py
[2023-09-17T14:40:29.737+0000] {processor.py:839} INFO - DAG(s) dict_keys(['tutorial_dag']) retrieved from /home/airflow/.local/lib/python3.8/site-packages/airflow/example_dags/tutorial_dag.py
[2023-09-17T14:40:29.748+0000] {logging_mixin.py:151} INFO - [2023-09-17T14:40:29.748+0000] {dag.py:2915} INFO - Sync 1 DAGs
[2023-09-17T14:40:29.754+0000] {logging_mixin.py:151} INFO - [2023-09-17T14:40:29.754+0000] {dag.py:3696} INFO - Setting next_dagrun for tutorial_dag to None, run_after=None
[2023-09-17T14:40:29.762+0000] {processor.py:179} INFO - Processing /home/airflow/.local/lib/python3.8/site-packages/airflow/example_dags/tutorial_dag.py took 0.031 seconds
[2023-09-17T14:41:00.244+0000] {processor.py:157} INFO - Started process (PID=448) to work on /home/airflow/.local/lib/python3.8/site-packages/airflow/example_dags/tutorial_dag.py
[2023-09-17T14:41:00.245+0000] {processor.py:829} INFO - Processing file /home/airflow/.local/lib/python3.8/site-packages/airflow/example_dags/tutorial_dag.py for tasks to queue
[2023-09-17T14:41:00.246+0000] {logging_mixin.py:151} INFO - [2023-09-17T14:41:00.245+0000] {dagbag.py:539} INFO - Filling up the DagBag from /home/airflow/.local/lib/python3.8/site-packages/airflow/example_dags/tutorial_dag.py
[2023-09-17T14:41:00.248+0000] {processor.py:839} INFO - DAG(s) dict_keys(['tutorial_dag']) retrieved from /home/airflow/.local/lib/python3.8/site-packages/airflow/example_dags/tutorial_dag.py
[2023-09-17T14:41:00.259+0000] {logging_mixin.py:151} INFO - [2023-09-17T14:41:00.258+0000] {dag.py:2915} INFO - Sync 1 DAGs
[2023-09-17T14:41:00.265+0000] {logging_mixin.py:151} INFO - [2023-09-17T14:41:00.265+0000] {dag.py:3696} INFO - Setting next_dagrun for tutorial_dag to None, run_after=None
[2023-09-17T14:41:00.273+0000] {processor.py:179} INFO - Processing /home/airflow/.local/lib/python3.8/site-packages/airflow/example_dags/tutorial_dag.py took 0.031 seconds
[2023-09-17T14:41:30.919+0000] {processor.py:157} INFO - Started process (PID=502) to work on /home/airflow/.local/lib/python3.8/site-packages/airflow/example_dags/tutorial_dag.py
[2023-09-17T14:41:30.919+0000] {processor.py:829} INFO - Processing file /home/airflow/.local/lib/python3.8/site-packages/airflow/example_dags/tutorial_dag.py for tasks to queue
[2023-09-17T14:41:30.920+0000] {logging_mixin.py:151} INFO - [2023-09-17T14:41:30.920+0000] {dagbag.py:539} INFO - Filling up the DagBag from /home/airflow/.local/lib/python3.8/site-packages/airflow/example_dags/tutorial_dag.py
[2023-09-17T14:41:30.923+0000] {processor.py:839} INFO - DAG(s) dict_keys(['tutorial_dag']) retrieved from /home/airflow/.local/lib/python3.8/site-packages/airflow/example_dags/tutorial_dag.py
[2023-09-17T14:41:30.933+0000] {logging_mixin.py:151} INFO - [2023-09-17T14:41:30.933+0000] {dag.py:2915} INFO - Sync 1 DAGs
[2023-09-17T14:41:30.940+0000] {logging_mixin.py:151} INFO - [2023-09-17T14:41:30.940+0000] {dag.py:3696} INFO - Setting next_dagrun for tutorial_dag to None, run_after=None
[2023-09-17T14:41:30.948+0000] {processor.py:179} INFO - Processing /home/airflow/.local/lib/python3.8/site-packages/airflow/example_dags/tutorial_dag.py took 0.031 seconds
[2023-09-17T14:42:01.726+0000] {processor.py:157} INFO - Started process (PID=556) to work on /home/airflow/.local/lib/python3.8/site-packages/airflow/example_dags/tutorial_dag.py
[2023-09-17T14:42:01.726+0000] {processor.py:829} INFO - Processing file /home/airflow/.local/lib/python3.8/site-packages/airflow/example_dags/tutorial_dag.py for tasks to queue
[2023-09-17T14:42:01.727+0000] {logging_mixin.py:151} INFO - [2023-09-17T14:42:01.727+0000] {dagbag.py:539} INFO - Filling up the DagBag from /home/airflow/.local/lib/python3.8/site-packages/airflow/example_dags/tutorial_dag.py
[2023-09-17T14:42:01.730+0000] {processor.py:839} INFO - DAG(s) dict_keys(['tutorial_dag']) retrieved from /home/airflow/.local/lib/python3.8/site-packages/airflow/example_dags/tutorial_dag.py
[2023-09-17T14:42:01.741+0000] {logging_mixin.py:151} INFO - [2023-09-17T14:42:01.741+0000] {dag.py:2915} INFO - Sync 1 DAGs
[2023-09-17T14:42:01.748+0000] {logging_mixin.py:151} INFO - [2023-09-17T14:42:01.748+0000] {dag.py:3696} INFO - Setting next_dagrun for tutorial_dag to None, run_after=None
[2023-09-17T14:42:01.757+0000] {processor.py:179} INFO - Processing /home/airflow/.local/lib/python3.8/site-packages/airflow/example_dags/tutorial_dag.py took 0.033 seconds
[2023-09-17T14:42:32.465+0000] {processor.py:157} INFO - Started process (PID=610) to work on /home/airflow/.local/lib/python3.8/site-packages/airflow/example_dags/tutorial_dag.py
[2023-09-17T14:42:32.465+0000] {processor.py:829} INFO - Processing file /home/airflow/.local/lib/python3.8/site-packages/airflow/example_dags/tutorial_dag.py for tasks to queue
[2023-09-17T14:42:32.466+0000] {logging_mixin.py:151} INFO - [2023-09-17T14:42:32.466+0000] {dagbag.py:539} INFO - Filling up the DagBag from /home/airflow/.local/lib/python3.8/site-packages/airflow/example_dags/tutorial_dag.py
[2023-09-17T14:42:32.469+0000] {processor.py:839} INFO - DAG(s) dict_keys(['tutorial_dag']) retrieved from /home/airflow/.local/lib/python3.8/site-packages/airflow/example_dags/tutorial_dag.py
[2023-09-17T14:42:32.479+0000] {logging_mixin.py:151} INFO - [2023-09-17T14:42:32.479+0000] {dag.py:2915} INFO - Sync 1 DAGs
[2023-09-17T14:42:32.486+0000] {logging_mixin.py:151} INFO - [2023-09-17T14:42:32.486+0000] {dag.py:3696} INFO - Setting next_dagrun for tutorial_dag to None, run_after=None
[2023-09-17T14:42:32.495+0000] {processor.py:179} INFO - Processing /home/airflow/.local/lib/python3.8/site-packages/airflow/example_dags/tutorial_dag.py took 0.032 seconds
[2023-09-17T14:43:03.268+0000] {processor.py:157} INFO - Started process (PID=664) to work on /home/airflow/.local/lib/python3.8/site-packages/airflow/example_dags/tutorial_dag.py
[2023-09-17T14:43:03.269+0000] {processor.py:829} INFO - Processing file /home/airflow/.local/lib/python3.8/site-packages/airflow/example_dags/tutorial_dag.py for tasks to queue
[2023-09-17T14:43:03.270+0000] {logging_mixin.py:151} INFO - [2023-09-17T14:43:03.270+0000] {dagbag.py:539} INFO - Filling up the DagBag from /home/airflow/.local/lib/python3.8/site-packages/airflow/example_dags/tutorial_dag.py
[2023-09-17T14:43:03.273+0000] {processor.py:839} INFO - DAG(s) dict_keys(['tutorial_dag']) retrieved from /home/airflow/.local/lib/python3.8/site-packages/airflow/example_dags/tutorial_dag.py
[2023-09-17T14:43:03.283+0000] {logging_mixin.py:151} INFO - [2023-09-17T14:43:03.283+0000] {dag.py:2915} INFO - Sync 1 DAGs
[2023-09-17T14:43:03.289+0000] {logging_mixin.py:151} INFO - [2023-09-17T14:43:03.289+0000] {dag.py:3696} INFO - Setting next_dagrun for tutorial_dag to None, run_after=None
[2023-09-17T14:43:03.298+0000] {processor.py:179} INFO - Processing /home/airflow/.local/lib/python3.8/site-packages/airflow/example_dags/tutorial_dag.py took 0.032 seconds
[2023-09-17T14:43:33.915+0000] {processor.py:157} INFO - Started process (PID=718) to work on /home/airflow/.local/lib/python3.8/site-packages/airflow/example_dags/tutorial_dag.py
[2023-09-17T14:43:33.916+0000] {processor.py:829} INFO - Processing file /home/airflow/.local/lib/python3.8/site-packages/airflow/example_dags/tutorial_dag.py for tasks to queue
[2023-09-17T14:43:33.917+0000] {logging_mixin.py:151} INFO - [2023-09-17T14:43:33.916+0000] {dagbag.py:539} INFO - Filling up the DagBag from /home/airflow/.local/lib/python3.8/site-packages/airflow/example_dags/tutorial_dag.py
[2023-09-17T14:43:33.919+0000] {processor.py:839} INFO - DAG(s) dict_keys(['tutorial_dag']) retrieved from /home/airflow/.local/lib/python3.8/site-packages/airflow/example_dags/tutorial_dag.py
[2023-09-17T14:43:33.930+0000] {logging_mixin.py:151} INFO - [2023-09-17T14:43:33.930+0000] {dag.py:2915} INFO - Sync 1 DAGs
[2023-09-17T14:43:33.937+0000] {logging_mixin.py:151} INFO - [2023-09-17T14:43:33.937+0000] {dag.py:3696} INFO - Setting next_dagrun for tutorial_dag to None, run_after=None
[2023-09-17T14:43:33.946+0000] {processor.py:179} INFO - Processing /home/airflow/.local/lib/python3.8/site-packages/airflow/example_dags/tutorial_dag.py took 0.032 seconds
[2023-09-17T14:44:04.478+0000] {processor.py:157} INFO - Started process (PID=772) to work on /home/airflow/.local/lib/python3.8/site-packages/airflow/example_dags/tutorial_dag.py
[2023-09-17T14:44:04.479+0000] {processor.py:829} INFO - Processing file /home/airflow/.local/lib/python3.8/site-packages/airflow/example_dags/tutorial_dag.py for tasks to queue
[2023-09-17T14:44:04.480+0000] {logging_mixin.py:151} INFO - [2023-09-17T14:44:04.480+0000] {dagbag.py:539} INFO - Filling up the DagBag from /home/airflow/.local/lib/python3.8/site-packages/airflow/example_dags/tutorial_dag.py
[2023-09-17T14:44:04.483+0000] {processor.py:839} INFO - DAG(s) dict_keys(['tutorial_dag']) retrieved from /home/airflow/.local/lib/python3.8/site-packages/airflow/example_dags/tutorial_dag.py
[2023-09-17T14:44:04.493+0000] {logging_mixin.py:151} INFO - [2023-09-17T14:44:04.493+0000] {dag.py:2915} INFO - Sync 1 DAGs
[2023-09-17T14:44:04.499+0000] {logging_mixin.py:151} INFO - [2023-09-17T14:44:04.499+0000] {dag.py:3696} INFO - Setting next_dagrun for tutorial_dag to None, run_after=None
[2023-09-17T14:44:04.509+0000] {processor.py:179} INFO - Processing /home/airflow/.local/lib/python3.8/site-packages/airflow/example_dags/tutorial_dag.py took 0.032 seconds
[2023-09-17T14:44:35.245+0000] {processor.py:157} INFO - Started process (PID=826) to work on /home/airflow/.local/lib/python3.8/site-packages/airflow/example_dags/tutorial_dag.py
[2023-09-17T14:44:35.245+0000] {processor.py:829} INFO - Processing file /home/airflow/.local/lib/python3.8/site-packages/airflow/example_dags/tutorial_dag.py for tasks to queue
[2023-09-17T14:44:35.246+0000] {logging_mixin.py:151} INFO - [2023-09-17T14:44:35.246+0000] {dagbag.py:539} INFO - Filling up the DagBag from /home/airflow/.local/lib/python3.8/site-packages/airflow/example_dags/tutorial_dag.py
[2023-09-17T14:44:35.250+0000] {processor.py:839} INFO - DAG(s) dict_keys(['tutorial_dag']) retrieved from /home/airflow/.local/lib/python3.8/site-packages/airflow/example_dags/tutorial_dag.py
[2023-09-17T14:44:35.260+0000] {logging_mixin.py:151} INFO - [2023-09-17T14:44:35.260+0000] {dag.py:2915} INFO - Sync 1 DAGs
[2023-09-17T14:44:35.267+0000] {logging_mixin.py:151} INFO - [2023-09-17T14:44:35.267+0000] {dag.py:3696} INFO - Setting next_dagrun for tutorial_dag to None, run_after=None
[2023-09-17T14:44:35.276+0000] {processor.py:179} INFO - Processing /home/airflow/.local/lib/python3.8/site-packages/airflow/example_dags/tutorial_dag.py took 0.033 seconds
[2023-09-17T14:45:06.000+0000] {processor.py:157} INFO - Started process (PID=880) to work on /home/airflow/.local/lib/python3.8/site-packages/airflow/example_dags/tutorial_dag.py
[2023-09-17T14:45:06.001+0000] {processor.py:829} INFO - Processing file /home/airflow/.local/lib/python3.8/site-packages/airflow/example_dags/tutorial_dag.py for tasks to queue
[2023-09-17T14:45:06.002+0000] {logging_mixin.py:151} INFO - [2023-09-17T14:45:06.002+0000] {dagbag.py:539} INFO - Filling up the DagBag from /home/airflow/.local/lib/python3.8/site-packages/airflow/example_dags/tutorial_dag.py
[2023-09-17T14:45:06.004+0000] {processor.py:839} INFO - DAG(s) dict_keys(['tutorial_dag']) retrieved from /home/airflow/.local/lib/python3.8/site-packages/airflow/example_dags/tutorial_dag.py
[2023-09-17T14:45:06.015+0000] {logging_mixin.py:151} INFO - [2023-09-17T14:45:06.015+0000] {dag.py:2915} INFO - Sync 1 DAGs
[2023-09-17T14:45:06.022+0000] {logging_mixin.py:151} INFO - [2023-09-17T14:45:06.022+0000] {dag.py:3696} INFO - Setting next_dagrun for tutorial_dag to None, run_after=None
[2023-09-17T14:45:06.031+0000] {processor.py:179} INFO - Processing /home/airflow/.local/lib/python3.8/site-packages/airflow/example_dags/tutorial_dag.py took 0.033 seconds
[2023-09-17T14:45:36.818+0000] {processor.py:157} INFO - Started process (PID=982) to work on /home/airflow/.local/lib/python3.8/site-packages/airflow/example_dags/tutorial_dag.py
[2023-09-17T14:45:36.820+0000] {processor.py:829} INFO - Processing file /home/airflow/.local/lib/python3.8/site-packages/airflow/example_dags/tutorial_dag.py for tasks to queue
[2023-09-17T14:45:36.825+0000] {logging_mixin.py:151} INFO - [2023-09-17T14:45:36.824+0000] {dagbag.py:539} INFO - Filling up the DagBag from /home/airflow/.local/lib/python3.8/site-packages/airflow/example_dags/tutorial_dag.py
[2023-09-17T14:45:36.833+0000] {processor.py:839} INFO - DAG(s) dict_keys(['tutorial_dag']) retrieved from /home/airflow/.local/lib/python3.8/site-packages/airflow/example_dags/tutorial_dag.py
[2023-09-17T14:45:36.855+0000] {logging_mixin.py:151} INFO - [2023-09-17T14:45:36.854+0000] {dag.py:2915} INFO - Sync 1 DAGs
[2023-09-17T14:45:36.862+0000] {logging_mixin.py:151} INFO - [2023-09-17T14:45:36.861+0000] {dag.py:3696} INFO - Setting next_dagrun for tutorial_dag to None, run_after=None
[2023-09-17T14:45:36.873+0000] {processor.py:179} INFO - Processing /home/airflow/.local/lib/python3.8/site-packages/airflow/example_dags/tutorial_dag.py took 0.065 seconds
[2023-09-17T14:46:07.531+0000] {processor.py:157} INFO - Started process (PID=1051) to work on /home/airflow/.local/lib/python3.8/site-packages/airflow/example_dags/tutorial_dag.py
[2023-09-17T14:46:07.532+0000] {processor.py:829} INFO - Processing file /home/airflow/.local/lib/python3.8/site-packages/airflow/example_dags/tutorial_dag.py for tasks to queue
[2023-09-17T14:46:07.533+0000] {logging_mixin.py:151} INFO - [2023-09-17T14:46:07.533+0000] {dagbag.py:539} INFO - Filling up the DagBag from /home/airflow/.local/lib/python3.8/site-packages/airflow/example_dags/tutorial_dag.py
[2023-09-17T14:46:07.535+0000] {processor.py:839} INFO - DAG(s) dict_keys(['tutorial_dag']) retrieved from /home/airflow/.local/lib/python3.8/site-packages/airflow/example_dags/tutorial_dag.py
[2023-09-17T14:46:07.546+0000] {logging_mixin.py:151} INFO - [2023-09-17T14:46:07.546+0000] {dag.py:2915} INFO - Sync 1 DAGs
[2023-09-17T14:46:07.553+0000] {logging_mixin.py:151} INFO - [2023-09-17T14:46:07.553+0000] {dag.py:3696} INFO - Setting next_dagrun for tutorial_dag to None, run_after=None
[2023-09-17T14:46:07.562+0000] {processor.py:179} INFO - Processing /home/airflow/.local/lib/python3.8/site-packages/airflow/example_dags/tutorial_dag.py took 0.032 seconds
[2023-09-17T14:46:38.148+0000] {processor.py:157} INFO - Started process (PID=1137) to work on /home/airflow/.local/lib/python3.8/site-packages/airflow/example_dags/tutorial_dag.py
[2023-09-17T14:46:38.149+0000] {processor.py:829} INFO - Processing file /home/airflow/.local/lib/python3.8/site-packages/airflow/example_dags/tutorial_dag.py for tasks to queue
[2023-09-17T14:46:38.150+0000] {logging_mixin.py:151} INFO - [2023-09-17T14:46:38.150+0000] {dagbag.py:539} INFO - Filling up the DagBag from /home/airflow/.local/lib/python3.8/site-packages/airflow/example_dags/tutorial_dag.py
[2023-09-17T14:46:38.153+0000] {processor.py:839} INFO - DAG(s) dict_keys(['tutorial_dag']) retrieved from /home/airflow/.local/lib/python3.8/site-packages/airflow/example_dags/tutorial_dag.py
[2023-09-17T14:46:38.164+0000] {logging_mixin.py:151} INFO - [2023-09-17T14:46:38.164+0000] {dag.py:2915} INFO - Sync 1 DAGs
[2023-09-17T14:46:38.171+0000] {logging_mixin.py:151} INFO - [2023-09-17T14:46:38.171+0000] {dag.py:3696} INFO - Setting next_dagrun for tutorial_dag to None, run_after=None
[2023-09-17T14:46:38.182+0000] {processor.py:179} INFO - Processing /home/airflow/.local/lib/python3.8/site-packages/airflow/example_dags/tutorial_dag.py took 0.035 seconds
[2023-09-17T14:47:08.754+0000] {processor.py:157} INFO - Started process (PID=1191) to work on /home/airflow/.local/lib/python3.8/site-packages/airflow/example_dags/tutorial_dag.py
[2023-09-17T14:47:08.755+0000] {processor.py:829} INFO - Processing file /home/airflow/.local/lib/python3.8/site-packages/airflow/example_dags/tutorial_dag.py for tasks to queue
[2023-09-17T14:47:08.756+0000] {logging_mixin.py:151} INFO - [2023-09-17T14:47:08.756+0000] {dagbag.py:539} INFO - Filling up the DagBag from /home/airflow/.local/lib/python3.8/site-packages/airflow/example_dags/tutorial_dag.py
[2023-09-17T14:47:08.760+0000] {processor.py:839} INFO - DAG(s) dict_keys(['tutorial_dag']) retrieved from /home/airflow/.local/lib/python3.8/site-packages/airflow/example_dags/tutorial_dag.py
[2023-09-17T14:47:08.771+0000] {logging_mixin.py:151} INFO - [2023-09-17T14:47:08.771+0000] {dag.py:2915} INFO - Sync 1 DAGs
[2023-09-17T14:47:08.778+0000] {logging_mixin.py:151} INFO - [2023-09-17T14:47:08.778+0000] {dag.py:3696} INFO - Setting next_dagrun for tutorial_dag to None, run_after=None
[2023-09-17T14:47:08.789+0000] {processor.py:179} INFO - Processing /home/airflow/.local/lib/python3.8/site-packages/airflow/example_dags/tutorial_dag.py took 0.036 seconds
[2023-09-17T14:47:39.345+0000] {processor.py:157} INFO - Started process (PID=1278) to work on /home/airflow/.local/lib/python3.8/site-packages/airflow/example_dags/tutorial_dag.py
[2023-09-17T14:47:39.346+0000] {processor.py:829} INFO - Processing file /home/airflow/.local/lib/python3.8/site-packages/airflow/example_dags/tutorial_dag.py for tasks to queue
[2023-09-17T14:47:39.347+0000] {logging_mixin.py:151} INFO - [2023-09-17T14:47:39.346+0000] {dagbag.py:539} INFO - Filling up the DagBag from /home/airflow/.local/lib/python3.8/site-packages/airflow/example_dags/tutorial_dag.py
[2023-09-17T14:47:39.349+0000] {processor.py:839} INFO - DAG(s) dict_keys(['tutorial_dag']) retrieved from /home/airflow/.local/lib/python3.8/site-packages/airflow/example_dags/tutorial_dag.py
[2023-09-17T14:47:39.360+0000] {logging_mixin.py:151} INFO - [2023-09-17T14:47:39.360+0000] {dag.py:2915} INFO - Sync 1 DAGs
[2023-09-17T14:47:39.367+0000] {logging_mixin.py:151} INFO - [2023-09-17T14:47:39.367+0000] {dag.py:3696} INFO - Setting next_dagrun for tutorial_dag to None, run_after=None
[2023-09-17T14:47:39.376+0000] {processor.py:179} INFO - Processing /home/airflow/.local/lib/python3.8/site-packages/airflow/example_dags/tutorial_dag.py took 0.033 seconds
[2023-09-17T14:48:09.986+0000] {processor.py:157} INFO - Started process (PID=1332) to work on /home/airflow/.local/lib/python3.8/site-packages/airflow/example_dags/tutorial_dag.py
[2023-09-17T14:48:09.986+0000] {processor.py:829} INFO - Processing file /home/airflow/.local/lib/python3.8/site-packages/airflow/example_dags/tutorial_dag.py for tasks to queue
[2023-09-17T14:48:09.987+0000] {logging_mixin.py:151} INFO - [2023-09-17T14:48:09.987+0000] {dagbag.py:539} INFO - Filling up the DagBag from /home/airflow/.local/lib/python3.8/site-packages/airflow/example_dags/tutorial_dag.py
[2023-09-17T14:48:09.990+0000] {processor.py:839} INFO - DAG(s) dict_keys(['tutorial_dag']) retrieved from /home/airflow/.local/lib/python3.8/site-packages/airflow/example_dags/tutorial_dag.py
[2023-09-17T14:48:10.002+0000] {logging_mixin.py:151} INFO - [2023-09-17T14:48:10.002+0000] {dag.py:2915} INFO - Sync 1 DAGs
[2023-09-17T14:48:10.009+0000] {logging_mixin.py:151} INFO - [2023-09-17T14:48:10.009+0000] {dag.py:3696} INFO - Setting next_dagrun for tutorial_dag to None, run_after=None
[2023-09-17T14:48:10.019+0000] {processor.py:179} INFO - Processing /home/airflow/.local/lib/python3.8/site-packages/airflow/example_dags/tutorial_dag.py took 0.035 seconds
[2023-09-17T14:48:40.583+0000] {processor.py:157} INFO - Started process (PID=1418) to work on /home/airflow/.local/lib/python3.8/site-packages/airflow/example_dags/tutorial_dag.py
[2023-09-17T14:48:40.583+0000] {processor.py:829} INFO - Processing file /home/airflow/.local/lib/python3.8/site-packages/airflow/example_dags/tutorial_dag.py for tasks to queue
[2023-09-17T14:48:40.584+0000] {logging_mixin.py:151} INFO - [2023-09-17T14:48:40.584+0000] {dagbag.py:539} INFO - Filling up the DagBag from /home/airflow/.local/lib/python3.8/site-packages/airflow/example_dags/tutorial_dag.py
[2023-09-17T14:48:40.587+0000] {processor.py:839} INFO - DAG(s) dict_keys(['tutorial_dag']) retrieved from /home/airflow/.local/lib/python3.8/site-packages/airflow/example_dags/tutorial_dag.py
[2023-09-17T14:48:40.598+0000] {logging_mixin.py:151} INFO - [2023-09-17T14:48:40.597+0000] {dag.py:2915} INFO - Sync 1 DAGs
[2023-09-17T14:48:40.604+0000] {logging_mixin.py:151} INFO - [2023-09-17T14:48:40.604+0000] {dag.py:3696} INFO - Setting next_dagrun for tutorial_dag to None, run_after=None
[2023-09-17T14:48:40.613+0000] {processor.py:179} INFO - Processing /home/airflow/.local/lib/python3.8/site-packages/airflow/example_dags/tutorial_dag.py took 0.032 seconds
[2023-09-17T14:49:11.190+0000] {processor.py:157} INFO - Started process (PID=1473) to work on /home/airflow/.local/lib/python3.8/site-packages/airflow/example_dags/tutorial_dag.py
[2023-09-17T14:49:11.191+0000] {processor.py:829} INFO - Processing file /home/airflow/.local/lib/python3.8/site-packages/airflow/example_dags/tutorial_dag.py for tasks to queue
[2023-09-17T14:49:11.192+0000] {logging_mixin.py:151} INFO - [2023-09-17T14:49:11.192+0000] {dagbag.py:539} INFO - Filling up the DagBag from /home/airflow/.local/lib/python3.8/site-packages/airflow/example_dags/tutorial_dag.py
[2023-09-17T14:49:11.195+0000] {processor.py:839} INFO - DAG(s) dict_keys(['tutorial_dag']) retrieved from /home/airflow/.local/lib/python3.8/site-packages/airflow/example_dags/tutorial_dag.py
[2023-09-17T14:49:11.206+0000] {logging_mixin.py:151} INFO - [2023-09-17T14:49:11.205+0000] {dag.py:2915} INFO - Sync 1 DAGs
[2023-09-17T14:49:11.213+0000] {logging_mixin.py:151} INFO - [2023-09-17T14:49:11.213+0000] {dag.py:3696} INFO - Setting next_dagrun for tutorial_dag to None, run_after=None
[2023-09-17T14:49:11.222+0000] {processor.py:179} INFO - Processing /home/airflow/.local/lib/python3.8/site-packages/airflow/example_dags/tutorial_dag.py took 0.034 seconds
[2023-09-17T14:49:41.825+0000] {processor.py:157} INFO - Started process (PID=1560) to work on /home/airflow/.local/lib/python3.8/site-packages/airflow/example_dags/tutorial_dag.py
[2023-09-17T14:49:41.825+0000] {processor.py:829} INFO - Processing file /home/airflow/.local/lib/python3.8/site-packages/airflow/example_dags/tutorial_dag.py for tasks to queue
[2023-09-17T14:49:41.826+0000] {logging_mixin.py:151} INFO - [2023-09-17T14:49:41.826+0000] {dagbag.py:539} INFO - Filling up the DagBag from /home/airflow/.local/lib/python3.8/site-packages/airflow/example_dags/tutorial_dag.py
[2023-09-17T14:49:41.829+0000] {processor.py:839} INFO - DAG(s) dict_keys(['tutorial_dag']) retrieved from /home/airflow/.local/lib/python3.8/site-packages/airflow/example_dags/tutorial_dag.py
[2023-09-17T14:49:41.840+0000] {logging_mixin.py:151} INFO - [2023-09-17T14:49:41.840+0000] {dag.py:2915} INFO - Sync 1 DAGs
[2023-09-17T14:49:41.847+0000] {logging_mixin.py:151} INFO - [2023-09-17T14:49:41.847+0000] {dag.py:3696} INFO - Setting next_dagrun for tutorial_dag to None, run_after=None
[2023-09-17T14:49:41.855+0000] {processor.py:179} INFO - Processing /home/airflow/.local/lib/python3.8/site-packages/airflow/example_dags/tutorial_dag.py took 0.032 seconds
[2023-09-17T14:50:12.350+0000] {processor.py:157} INFO - Started process (PID=1614) to work on /home/airflow/.local/lib/python3.8/site-packages/airflow/example_dags/tutorial_dag.py
[2023-09-17T14:50:12.351+0000] {processor.py:829} INFO - Processing file /home/airflow/.local/lib/python3.8/site-packages/airflow/example_dags/tutorial_dag.py for tasks to queue
[2023-09-17T14:50:12.352+0000] {logging_mixin.py:151} INFO - [2023-09-17T14:50:12.352+0000] {dagbag.py:539} INFO - Filling up the DagBag from /home/airflow/.local/lib/python3.8/site-packages/airflow/example_dags/tutorial_dag.py
[2023-09-17T14:50:12.355+0000] {processor.py:839} INFO - DAG(s) dict_keys(['tutorial_dag']) retrieved from /home/airflow/.local/lib/python3.8/site-packages/airflow/example_dags/tutorial_dag.py
[2023-09-17T14:50:12.365+0000] {logging_mixin.py:151} INFO - [2023-09-17T14:50:12.364+0000] {dag.py:2915} INFO - Sync 1 DAGs
[2023-09-17T14:50:12.371+0000] {logging_mixin.py:151} INFO - [2023-09-17T14:50:12.371+0000] {dag.py:3696} INFO - Setting next_dagrun for tutorial_dag to None, run_after=None
[2023-09-17T14:50:12.380+0000] {processor.py:179} INFO - Processing /home/airflow/.local/lib/python3.8/site-packages/airflow/example_dags/tutorial_dag.py took 0.031 seconds
[2023-09-17T14:50:42.912+0000] {processor.py:157} INFO - Started process (PID=1701) to work on /home/airflow/.local/lib/python3.8/site-packages/airflow/example_dags/tutorial_dag.py
[2023-09-17T14:50:42.912+0000] {processor.py:829} INFO - Processing file /home/airflow/.local/lib/python3.8/site-packages/airflow/example_dags/tutorial_dag.py for tasks to queue
[2023-09-17T14:50:42.913+0000] {logging_mixin.py:151} INFO - [2023-09-17T14:50:42.913+0000] {dagbag.py:539} INFO - Filling up the DagBag from /home/airflow/.local/lib/python3.8/site-packages/airflow/example_dags/tutorial_dag.py
[2023-09-17T14:50:42.916+0000] {processor.py:839} INFO - DAG(s) dict_keys(['tutorial_dag']) retrieved from /home/airflow/.local/lib/python3.8/site-packages/airflow/example_dags/tutorial_dag.py
[2023-09-17T14:50:42.927+0000] {logging_mixin.py:151} INFO - [2023-09-17T14:50:42.927+0000] {dag.py:2915} INFO - Sync 1 DAGs
[2023-09-17T14:50:42.934+0000] {logging_mixin.py:151} INFO - [2023-09-17T14:50:42.934+0000] {dag.py:3696} INFO - Setting next_dagrun for tutorial_dag to None, run_after=None
[2023-09-17T14:50:42.944+0000] {processor.py:179} INFO - Processing /home/airflow/.local/lib/python3.8/site-packages/airflow/example_dags/tutorial_dag.py took 0.034 seconds
