[2023-09-19T08:51:48.566+0000] {manager.py:487} INFO - Processing files using up to 2 processes at a time 
[2023-09-19T08:51:48.567+0000] {manager.py:488} INFO - Process each file at most once every 30 seconds
[2023-09-19T08:51:48.567+0000] {manager.py:489} INFO - Checking for new files in /opt/airflow/dags every 300 seconds
[2023-09-19T08:51:48.567+0000] {manager.py:759} INFO - Searching for files in /opt/airflow/dags
[2023-09-19T08:51:48.568+0000] {manager.py:762} INFO - There are 2 files in /opt/airflow/dags
[2023-09-19T08:52:09.494+0000] {manager.py:893} INFO - 
================================================================================
DAG File Processing Stats

File Path                                 PID    Runtime      # DAGs    # Errors  Last Runtime    Last Run
----------------------------------------  -----  ---------  --------  ----------  --------------  -------------------
/opt/airflow/dags/crawling.py                                      1           0  1.77s           2023-09-19T08:51:50
/opt/airflow/dags/crawling _task_flow.py                           1           0  1.79s           2023-09-19T08:51:50
================================================================================
[2023-09-19T08:52:36.490+0000] {manager.py:893} INFO - 
================================================================================
DAG File Processing Stats

File Path                                 PID    Runtime      # DAGs    # Errors  Last Runtime    Last Run
----------------------------------------  -----  ---------  --------  ----------  --------------  -------------------
/opt/airflow/dags/crawling.py                                      1           0  1.12s           2023-09-19T08:52:21
/opt/airflow/dags/crawling _task_flow.py                           1           0  1.08s           2023-09-19T08:52:22
================================================================================
[2023-09-19T08:53:06.717+0000] {manager.py:893} INFO - 
================================================================================
DAG File Processing Stats

File Path                                 PID    Runtime      # DAGs    # Errors  Last Runtime    Last Run
----------------------------------------  -----  ---------  --------  ----------  --------------  -------------------
/opt/airflow/dags/crawling.py                                      1           0  1.10s           2023-09-19T08:52:52
/opt/airflow/dags/crawling _task_flow.py                           1           0  1.08s           2023-09-19T08:52:53
================================================================================
[2023-09-19T08:53:36.937+0000] {manager.py:893} INFO - 
================================================================================
DAG File Processing Stats

File Path                                 PID    Runtime      # DAGs    # Errors  Last Runtime    Last Run
----------------------------------------  -----  ---------  --------  ----------  --------------  -------------------
/opt/airflow/dags/crawling.py                                      1           0  1.10s           2023-09-19T08:53:23
/opt/airflow/dags/crawling _task_flow.py                           1           0  1.06s           2023-09-19T08:53:24
================================================================================
[2023-09-19T08:54:07.146+0000] {manager.py:893} INFO - 
================================================================================
DAG File Processing Stats

File Path                                 PID    Runtime      # DAGs    # Errors  Last Runtime    Last Run
----------------------------------------  -----  ---------  --------  ----------  --------------  -------------------
/opt/airflow/dags/crawling.py                                      1           0  1.12s           2023-09-19T08:53:55
/opt/airflow/dags/crawling _task_flow.py                           1           0  1.08s           2023-09-19T08:53:56
================================================================================
[2023-09-19T08:54:37.377+0000] {manager.py:893} INFO - 
================================================================================
DAG File Processing Stats

File Path                                 PID    Runtime      # DAGs    # Errors  Last Runtime    Last Run
----------------------------------------  -----  ---------  --------  ----------  --------------  -------------------
/opt/airflow/dags/crawling.py                                      1           0  1.12s           2023-09-19T08:54:26
/opt/airflow/dags/crawling _task_flow.py                           1           0  1.09s           2023-09-19T08:54:27
================================================================================
[2023-09-19T08:55:07.606+0000] {manager.py:893} INFO - 
================================================================================
DAG File Processing Stats

File Path                                 PID    Runtime      # DAGs    # Errors  Last Runtime    Last Run
----------------------------------------  -----  ---------  --------  ----------  --------------  -------------------
/opt/airflow/dags/crawling.py                                      1           0  1.09s           2023-09-19T08:54:57
/opt/airflow/dags/crawling _task_flow.py                           1           0  1.04s           2023-09-19T08:54:58
================================================================================
[2023-09-19T08:55:37.779+0000] {manager.py:893} INFO - 
================================================================================
DAG File Processing Stats

File Path                                 PID    Runtime      # DAGs    # Errors  Last Runtime    Last Run
----------------------------------------  -----  ---------  --------  ----------  --------------  -------------------
/opt/airflow/dags/crawling.py                                      1           0  1.29s           2023-09-19T08:55:29
/opt/airflow/dags/crawling _task_flow.py                           1           0  1.15s           2023-09-19T08:55:29
================================================================================
[2023-09-19T08:56:08.084+0000] {manager.py:893} INFO - 
================================================================================
DAG File Processing Stats

File Path                                 PID    Runtime      # DAGs    # Errors  Last Runtime    Last Run
----------------------------------------  -----  ---------  --------  ----------  --------------  -------------------
/opt/airflow/dags/crawling.py                                      1           0  1.23s           2023-09-19T08:56:00
/opt/airflow/dags/crawling _task_flow.py                           1           0  1.20s           2023-09-19T08:56:01
================================================================================
