[2023-09-20T11:56:49.343+0000] {processor.py:157} INFO - Started process (PID=178) to work on /opt/airflow/dags/crawling _task_flow.py
[2023-09-20T11:56:49.343+0000] {processor.py:829} INFO - Processing file /opt/airflow/dags/crawling _task_flow.py for tasks to queue
[2023-09-20T11:56:49.344+0000] {logging_mixin.py:151} INFO - [2023-09-20T11:56:49.344+0000] {dagbag.py:539} INFO - Filling up the DagBag from /opt/airflow/dags/crawling _task_flow.py
[2023-09-20T11:56:50.327+0000] {logging_mixin.py:151} INFO - +---------------------------------------------------------------------+
[2023-09-20T11:56:50.327+0000] {logging_mixin.py:151} INFO -   Welcome to MONPA: Multi-Objective NER POS Annotator for Chinese
[2023-09-20T11:56:50.327+0000] {logging_mixin.py:151} INFO - +---------------------------------------------------------------------+
[2023-09-20T11:56:50.341+0000] {logging_mixin.py:151} INFO - 已找到 model檔。Found model file.
[2023-09-20T11:56:50.444+0000] {processor.py:839} INFO - DAG(s) dict_keys(['ppt_stock_web_crawling_taskflow_api']) retrieved from /opt/airflow/dags/crawling _task_flow.py
[2023-09-20T11:56:50.456+0000] {logging_mixin.py:151} INFO - [2023-09-20T11:56:50.456+0000] {dag.py:2915} INFO - Sync 1 DAGs
[2023-09-20T11:56:50.466+0000] {logging_mixin.py:151} INFO - [2023-09-20T11:56:50.466+0000] {dag.py:3696} INFO - Setting next_dagrun for ppt_stock_web_crawling_taskflow_api to 2023-09-19T00:00:00+00:00, run_after=2023-09-20T00:00:00+00:00
[2023-09-20T11:56:50.477+0000] {processor.py:179} INFO - Processing /opt/airflow/dags/crawling _task_flow.py took 1.137 seconds
[2023-09-20T11:57:20.702+0000] {processor.py:157} INFO - Started process (PID=211) to work on /opt/airflow/dags/crawling _task_flow.py
[2023-09-20T11:57:20.709+0000] {processor.py:829} INFO - Processing file /opt/airflow/dags/crawling _task_flow.py for tasks to queue
[2023-09-20T11:57:20.710+0000] {logging_mixin.py:151} INFO - [2023-09-20T11:57:20.710+0000] {dagbag.py:539} INFO - Filling up the DagBag from /opt/airflow/dags/crawling _task_flow.py
[2023-09-20T11:57:21.699+0000] {logging_mixin.py:151} INFO - +---------------------------------------------------------------------+
[2023-09-20T11:57:21.699+0000] {logging_mixin.py:151} INFO -   Welcome to MONPA: Multi-Objective NER POS Annotator for Chinese
[2023-09-20T11:57:21.699+0000] {logging_mixin.py:151} INFO - +---------------------------------------------------------------------+
[2023-09-20T11:57:21.713+0000] {logging_mixin.py:151} INFO - 已找到 model檔。Found model file.
[2023-09-20T11:57:21.791+0000] {processor.py:839} INFO - DAG(s) dict_keys(['ppt_stock_web_crawling_taskflow_api']) retrieved from /opt/airflow/dags/crawling _task_flow.py
[2023-09-20T11:57:21.803+0000] {logging_mixin.py:151} INFO - [2023-09-20T11:57:21.803+0000] {dag.py:2915} INFO - Sync 1 DAGs
[2023-09-20T11:57:21.814+0000] {logging_mixin.py:151} INFO - [2023-09-20T11:57:21.814+0000] {dag.py:3696} INFO - Setting next_dagrun for ppt_stock_web_crawling_taskflow_api to 2023-09-19T00:00:00+00:00, run_after=2023-09-20T00:00:00+00:00
[2023-09-20T11:57:21.823+0000] {processor.py:179} INFO - Processing /opt/airflow/dags/crawling _task_flow.py took 1.123 seconds
