[2023-09-20T11:56:49.347+0000] {processor.py:157} INFO - Started process (PID=179) to work on /opt/airflow/dags/crawling.py
[2023-09-20T11:56:49.347+0000] {processor.py:829} INFO - Processing file /opt/airflow/dags/crawling.py for tasks to queue
[2023-09-20T11:56:49.348+0000] {logging_mixin.py:151} INFO - [2023-09-20T11:56:49.348+0000] {dagbag.py:539} INFO - Filling up the DagBag from /opt/airflow/dags/crawling.py
[2023-09-20T11:56:50.340+0000] {logging_mixin.py:151} INFO - +---------------------------------------------------------------------+
[2023-09-20T11:56:50.341+0000] {logging_mixin.py:151} INFO -   Welcome to MONPA: Multi-Objective NER POS Annotator for Chinese
[2023-09-20T11:56:50.341+0000] {logging_mixin.py:151} INFO - +---------------------------------------------------------------------+
[2023-09-20T11:56:50.354+0000] {logging_mixin.py:151} INFO - 已找到 model檔。Found model file.
[2023-09-20T11:56:50.430+0000] {processor.py:839} INFO - DAG(s) dict_keys(['ptt_stock_web_crawling_v0']) retrieved from /opt/airflow/dags/crawling.py
[2023-09-20T11:56:50.444+0000] {logging_mixin.py:151} INFO - [2023-09-20T11:56:50.444+0000] {dag.py:2915} INFO - Sync 1 DAGs
[2023-09-20T11:56:50.454+0000] {logging_mixin.py:151} INFO - [2023-09-20T11:56:50.454+0000] {dag.py:3696} INFO - Setting next_dagrun for ptt_stock_web_crawling_v0 to 2023-09-19T00:00:00+00:00, run_after=2023-09-20T00:00:00+00:00
[2023-09-20T11:56:50.472+0000] {processor.py:179} INFO - Processing /opt/airflow/dags/crawling.py took 1.127 seconds
[2023-09-20T11:57:20.705+0000] {processor.py:157} INFO - Started process (PID=212) to work on /opt/airflow/dags/crawling.py
[2023-09-20T11:57:20.709+0000] {processor.py:829} INFO - Processing file /opt/airflow/dags/crawling.py for tasks to queue
[2023-09-20T11:57:20.710+0000] {logging_mixin.py:151} INFO - [2023-09-20T11:57:20.710+0000] {dagbag.py:539} INFO - Filling up the DagBag from /opt/airflow/dags/crawling.py
[2023-09-20T11:57:21.685+0000] {logging_mixin.py:151} INFO - +---------------------------------------------------------------------+
[2023-09-20T11:57:21.685+0000] {logging_mixin.py:151} INFO -   Welcome to MONPA: Multi-Objective NER POS Annotator for Chinese
[2023-09-20T11:57:21.685+0000] {logging_mixin.py:151} INFO - +---------------------------------------------------------------------+
[2023-09-20T11:57:21.699+0000] {logging_mixin.py:151} INFO - 已找到 model檔。Found model file.
[2023-09-20T11:57:21.774+0000] {processor.py:839} INFO - DAG(s) dict_keys(['ptt_stock_web_crawling_v0']) retrieved from /opt/airflow/dags/crawling.py
[2023-09-20T11:57:21.788+0000] {logging_mixin.py:151} INFO - [2023-09-20T11:57:21.788+0000] {dag.py:2915} INFO - Sync 1 DAGs
[2023-09-20T11:57:21.800+0000] {logging_mixin.py:151} INFO - [2023-09-20T11:57:21.800+0000] {dag.py:3696} INFO - Setting next_dagrun for ptt_stock_web_crawling_v0 to 2023-09-19T00:00:00+00:00, run_after=2023-09-20T00:00:00+00:00
[2023-09-20T11:57:21.815+0000] {processor.py:179} INFO - Processing /opt/airflow/dags/crawling.py took 1.112 seconds
[2023-09-20T11:57:52.052+0000] {processor.py:157} INFO - Started process (PID=245) to work on /opt/airflow/dags/crawling.py
[2023-09-20T11:57:52.056+0000] {processor.py:829} INFO - Processing file /opt/airflow/dags/crawling.py for tasks to queue
[2023-09-20T11:57:52.057+0000] {logging_mixin.py:151} INFO - [2023-09-20T11:57:52.057+0000] {dagbag.py:539} INFO - Filling up the DagBag from /opt/airflow/dags/crawling.py
[2023-09-20T11:57:53.082+0000] {logging_mixin.py:151} INFO - +---------------------------------------------------------------------+
[2023-09-20T11:57:53.082+0000] {logging_mixin.py:151} INFO -   Welcome to MONPA: Multi-Objective NER POS Annotator for Chinese
[2023-09-20T11:57:53.082+0000] {logging_mixin.py:151} INFO - +---------------------------------------------------------------------+
[2023-09-20T11:57:53.097+0000] {logging_mixin.py:151} INFO - 已找到 model檔。Found model file.
[2023-09-20T11:57:53.177+0000] {processor.py:839} INFO - DAG(s) dict_keys(['ptt_stock_web_crawling_v0']) retrieved from /opt/airflow/dags/crawling.py
[2023-09-20T11:57:53.189+0000] {logging_mixin.py:151} INFO - [2023-09-20T11:57:53.189+0000] {dag.py:2915} INFO - Sync 1 DAGs
[2023-09-20T11:57:53.199+0000] {logging_mixin.py:151} INFO - [2023-09-20T11:57:53.199+0000] {dag.py:3696} INFO - Setting next_dagrun for ptt_stock_web_crawling_v0 to 2023-09-19T00:00:00+00:00, run_after=2023-09-20T00:00:00+00:00
[2023-09-20T11:57:53.213+0000] {processor.py:179} INFO - Processing /opt/airflow/dags/crawling.py took 1.163 seconds
[2023-09-20T11:58:23.453+0000] {processor.py:157} INFO - Started process (PID=278) to work on /opt/airflow/dags/crawling.py
[2023-09-20T11:58:23.457+0000] {processor.py:829} INFO - Processing file /opt/airflow/dags/crawling.py for tasks to queue
[2023-09-20T11:58:23.458+0000] {logging_mixin.py:151} INFO - [2023-09-20T11:58:23.458+0000] {dagbag.py:539} INFO - Filling up the DagBag from /opt/airflow/dags/crawling.py
[2023-09-20T11:58:24.435+0000] {logging_mixin.py:151} INFO - +---------------------------------------------------------------------+
[2023-09-20T11:58:24.435+0000] {logging_mixin.py:151} INFO -   Welcome to MONPA: Multi-Objective NER POS Annotator for Chinese
[2023-09-20T11:58:24.435+0000] {logging_mixin.py:151} INFO - +---------------------------------------------------------------------+
[2023-09-20T11:58:24.449+0000] {logging_mixin.py:151} INFO - 已找到 model檔。Found model file.
[2023-09-20T11:58:24.525+0000] {processor.py:839} INFO - DAG(s) dict_keys(['ptt_stock_web_crawling_v0']) retrieved from /opt/airflow/dags/crawling.py
[2023-09-20T11:58:24.540+0000] {logging_mixin.py:151} INFO - [2023-09-20T11:58:24.540+0000] {dag.py:2915} INFO - Sync 1 DAGs
[2023-09-20T11:58:24.551+0000] {logging_mixin.py:151} INFO - [2023-09-20T11:58:24.551+0000] {dag.py:3696} INFO - Setting next_dagrun for ptt_stock_web_crawling_v0 to 2023-09-19T00:00:00+00:00, run_after=2023-09-20T00:00:00+00:00
[2023-09-20T11:58:24.561+0000] {processor.py:179} INFO - Processing /opt/airflow/dags/crawling.py took 1.109 seconds
[2023-09-20T11:58:54.811+0000] {processor.py:157} INFO - Started process (PID=311) to work on /opt/airflow/dags/crawling.py
[2023-09-20T11:58:54.814+0000] {processor.py:829} INFO - Processing file /opt/airflow/dags/crawling.py for tasks to queue
[2023-09-20T11:58:54.815+0000] {logging_mixin.py:151} INFO - [2023-09-20T11:58:54.815+0000] {dagbag.py:539} INFO - Filling up the DagBag from /opt/airflow/dags/crawling.py
[2023-09-20T11:58:55.793+0000] {logging_mixin.py:151} INFO - +---------------------------------------------------------------------+
[2023-09-20T11:58:55.793+0000] {logging_mixin.py:151} INFO -   Welcome to MONPA: Multi-Objective NER POS Annotator for Chinese
[2023-09-20T11:58:55.793+0000] {logging_mixin.py:151} INFO - +---------------------------------------------------------------------+
[2023-09-20T11:58:55.807+0000] {logging_mixin.py:151} INFO - 已找到 model檔。Found model file.
[2023-09-20T11:58:55.885+0000] {processor.py:839} INFO - DAG(s) dict_keys(['ptt_stock_web_crawling_v0']) retrieved from /opt/airflow/dags/crawling.py
[2023-09-20T11:58:55.904+0000] {logging_mixin.py:151} INFO - [2023-09-20T11:58:55.903+0000] {dag.py:2915} INFO - Sync 1 DAGs
[2023-09-20T11:58:55.919+0000] {logging_mixin.py:151} INFO - [2023-09-20T11:58:55.919+0000] {dag.py:3696} INFO - Setting next_dagrun for ptt_stock_web_crawling_v0 to 2023-09-19T00:00:00+00:00, run_after=2023-09-20T00:00:00+00:00
[2023-09-20T11:58:55.936+0000] {processor.py:179} INFO - Processing /opt/airflow/dags/crawling.py took 1.127 seconds
[2023-09-20T11:59:26.170+0000] {processor.py:157} INFO - Started process (PID=344) to work on /opt/airflow/dags/crawling.py
[2023-09-20T11:59:26.173+0000] {processor.py:829} INFO - Processing file /opt/airflow/dags/crawling.py for tasks to queue
[2023-09-20T11:59:26.174+0000] {logging_mixin.py:151} INFO - [2023-09-20T11:59:26.174+0000] {dagbag.py:539} INFO - Filling up the DagBag from /opt/airflow/dags/crawling.py
[2023-09-20T11:59:27.235+0000] {logging_mixin.py:151} INFO - +---------------------------------------------------------------------+
[2023-09-20T11:59:27.235+0000] {logging_mixin.py:151} INFO -   Welcome to MONPA: Multi-Objective NER POS Annotator for Chinese
[2023-09-20T11:59:27.235+0000] {logging_mixin.py:151} INFO - +---------------------------------------------------------------------+
[2023-09-20T11:59:27.250+0000] {logging_mixin.py:151} INFO - 已找到 model檔。Found model file.
[2023-09-20T11:59:27.332+0000] {processor.py:839} INFO - DAG(s) dict_keys(['ptt_stock_web_crawling_v0']) retrieved from /opt/airflow/dags/crawling.py
[2023-09-20T11:59:27.349+0000] {logging_mixin.py:151} INFO - [2023-09-20T11:59:27.349+0000] {dag.py:2915} INFO - Sync 1 DAGs
[2023-09-20T11:59:27.360+0000] {logging_mixin.py:151} INFO - [2023-09-20T11:59:27.359+0000] {dag.py:3696} INFO - Setting next_dagrun for ptt_stock_web_crawling_v0 to 2023-09-19T00:00:00+00:00, run_after=2023-09-20T00:00:00+00:00
[2023-09-20T11:59:27.368+0000] {processor.py:179} INFO - Processing /opt/airflow/dags/crawling.py took 1.200 seconds
[2023-09-20T11:59:57.607+0000] {processor.py:157} INFO - Started process (PID=377) to work on /opt/airflow/dags/crawling.py
[2023-09-20T11:59:57.608+0000] {processor.py:829} INFO - Processing file /opt/airflow/dags/crawling.py for tasks to queue
[2023-09-20T11:59:57.611+0000] {logging_mixin.py:151} INFO - [2023-09-20T11:59:57.610+0000] {dagbag.py:539} INFO - Filling up the DagBag from /opt/airflow/dags/crawling.py
[2023-09-20T11:59:58.658+0000] {logging_mixin.py:151} INFO - +---------------------------------------------------------------------+
[2023-09-20T11:59:58.658+0000] {logging_mixin.py:151} INFO -   Welcome to MONPA: Multi-Objective NER POS Annotator for Chinese
[2023-09-20T11:59:58.659+0000] {logging_mixin.py:151} INFO - +---------------------------------------------------------------------+
[2023-09-20T11:59:58.673+0000] {logging_mixin.py:151} INFO - 已找到 model檔。Found model file.
[2023-09-20T11:59:58.753+0000] {processor.py:839} INFO - DAG(s) dict_keys(['ptt_stock_web_crawling_v0']) retrieved from /opt/airflow/dags/crawling.py
[2023-09-20T11:59:58.772+0000] {logging_mixin.py:151} INFO - [2023-09-20T11:59:58.772+0000] {dag.py:2915} INFO - Sync 1 DAGs
[2023-09-20T11:59:58.782+0000] {logging_mixin.py:151} INFO - [2023-09-20T11:59:58.782+0000] {dag.py:3696} INFO - Setting next_dagrun for ptt_stock_web_crawling_v0 to 2023-09-19T00:00:00+00:00, run_after=2023-09-20T00:00:00+00:00
[2023-09-20T11:59:58.791+0000] {processor.py:179} INFO - Processing /opt/airflow/dags/crawling.py took 1.191 seconds
[2023-09-20T12:00:29.013+0000] {processor.py:157} INFO - Started process (PID=410) to work on /opt/airflow/dags/crawling.py
[2023-09-20T12:00:29.014+0000] {processor.py:829} INFO - Processing file /opt/airflow/dags/crawling.py for tasks to queue
[2023-09-20T12:00:29.014+0000] {logging_mixin.py:151} INFO - [2023-09-20T12:00:29.014+0000] {dagbag.py:539} INFO - Filling up the DagBag from /opt/airflow/dags/crawling.py
[2023-09-20T12:00:30.015+0000] {logging_mixin.py:151} INFO - +---------------------------------------------------------------------+
[2023-09-20T12:00:30.015+0000] {logging_mixin.py:151} INFO -   Welcome to MONPA: Multi-Objective NER POS Annotator for Chinese
[2023-09-20T12:00:30.015+0000] {logging_mixin.py:151} INFO - +---------------------------------------------------------------------+
[2023-09-20T12:00:30.029+0000] {logging_mixin.py:151} INFO - 已找到 model檔。Found model file.
[2023-09-20T12:00:30.107+0000] {processor.py:839} INFO - DAG(s) dict_keys(['ptt_stock_web_crawling_v0']) retrieved from /opt/airflow/dags/crawling.py
[2023-09-20T12:00:30.122+0000] {logging_mixin.py:151} INFO - [2023-09-20T12:00:30.121+0000] {dag.py:2915} INFO - Sync 1 DAGs
[2023-09-20T12:00:30.137+0000] {logging_mixin.py:151} INFO - [2023-09-20T12:00:30.136+0000] {dag.py:3696} INFO - Setting next_dagrun for ptt_stock_web_crawling_v0 to 2023-09-19T00:00:00+00:00, run_after=2023-09-20T00:00:00+00:00
[2023-09-20T12:00:30.146+0000] {processor.py:179} INFO - Processing /opt/airflow/dags/crawling.py took 1.135 seconds
[2023-09-20T12:01:00.393+0000] {processor.py:157} INFO - Started process (PID=443) to work on /opt/airflow/dags/crawling.py
[2023-09-20T12:01:00.394+0000] {processor.py:829} INFO - Processing file /opt/airflow/dags/crawling.py for tasks to queue
[2023-09-20T12:01:00.395+0000] {logging_mixin.py:151} INFO - [2023-09-20T12:01:00.394+0000] {dagbag.py:539} INFO - Filling up the DagBag from /opt/airflow/dags/crawling.py
[2023-09-20T12:01:01.381+0000] {logging_mixin.py:151} INFO - +---------------------------------------------------------------------+
[2023-09-20T12:01:01.381+0000] {logging_mixin.py:151} INFO -   Welcome to MONPA: Multi-Objective NER POS Annotator for Chinese
[2023-09-20T12:01:01.382+0000] {logging_mixin.py:151} INFO - +---------------------------------------------------------------------+
[2023-09-20T12:01:01.396+0000] {logging_mixin.py:151} INFO - 已找到 model檔。Found model file.
[2023-09-20T12:01:01.473+0000] {processor.py:839} INFO - DAG(s) dict_keys(['ptt_stock_web_crawling_v0']) retrieved from /opt/airflow/dags/crawling.py
[2023-09-20T12:01:01.487+0000] {logging_mixin.py:151} INFO - [2023-09-20T12:01:01.487+0000] {dag.py:2915} INFO - Sync 1 DAGs
[2023-09-20T12:01:01.498+0000] {logging_mixin.py:151} INFO - [2023-09-20T12:01:01.497+0000] {dag.py:3696} INFO - Setting next_dagrun for ptt_stock_web_crawling_v0 to 2023-09-19T00:00:00+00:00, run_after=2023-09-20T00:00:00+00:00
[2023-09-20T12:01:01.514+0000] {processor.py:179} INFO - Processing /opt/airflow/dags/crawling.py took 1.123 seconds
[2023-09-20T12:01:31.753+0000] {processor.py:157} INFO - Started process (PID=476) to work on /opt/airflow/dags/crawling.py
[2023-09-20T12:01:31.756+0000] {processor.py:829} INFO - Processing file /opt/airflow/dags/crawling.py for tasks to queue
[2023-09-20T12:01:31.757+0000] {logging_mixin.py:151} INFO - [2023-09-20T12:01:31.757+0000] {dagbag.py:539} INFO - Filling up the DagBag from /opt/airflow/dags/crawling.py
[2023-09-20T12:01:32.749+0000] {logging_mixin.py:151} INFO - +---------------------------------------------------------------------+
[2023-09-20T12:01:32.749+0000] {logging_mixin.py:151} INFO -   Welcome to MONPA: Multi-Objective NER POS Annotator for Chinese
[2023-09-20T12:01:32.749+0000] {logging_mixin.py:151} INFO - +---------------------------------------------------------------------+
[2023-09-20T12:01:32.763+0000] {logging_mixin.py:151} INFO - 已找到 model檔。Found model file.
[2023-09-20T12:01:32.889+0000] {processor.py:839} INFO - DAG(s) dict_keys(['ptt_stock_web_crawling_v0']) retrieved from /opt/airflow/dags/crawling.py
[2023-09-20T12:01:32.902+0000] {logging_mixin.py:151} INFO - [2023-09-20T12:01:32.902+0000] {dag.py:2915} INFO - Sync 1 DAGs
[2023-09-20T12:01:32.912+0000] {logging_mixin.py:151} INFO - [2023-09-20T12:01:32.912+0000] {dag.py:3696} INFO - Setting next_dagrun for ptt_stock_web_crawling_v0 to 2023-09-19T00:00:00+00:00, run_after=2023-09-20T00:00:00+00:00
[2023-09-20T12:01:32.923+0000] {processor.py:179} INFO - Processing /opt/airflow/dags/crawling.py took 1.172 seconds
[2023-09-20T12:02:03.148+0000] {processor.py:157} INFO - Started process (PID=509) to work on /opt/airflow/dags/crawling.py
[2023-09-20T12:02:03.148+0000] {processor.py:829} INFO - Processing file /opt/airflow/dags/crawling.py for tasks to queue
[2023-09-20T12:02:03.149+0000] {logging_mixin.py:151} INFO - [2023-09-20T12:02:03.149+0000] {dagbag.py:539} INFO - Filling up the DagBag from /opt/airflow/dags/crawling.py
[2023-09-20T12:02:04.146+0000] {logging_mixin.py:151} INFO - +---------------------------------------------------------------------+
[2023-09-20T12:02:04.146+0000] {logging_mixin.py:151} INFO -   Welcome to MONPA: Multi-Objective NER POS Annotator for Chinese
[2023-09-20T12:02:04.146+0000] {logging_mixin.py:151} INFO - +---------------------------------------------------------------------+
[2023-09-20T12:02:04.160+0000] {logging_mixin.py:151} INFO - 已找到 model檔。Found model file.
[2023-09-20T12:02:04.257+0000] {processor.py:839} INFO - DAG(s) dict_keys(['ptt_stock_web_crawling_v0']) retrieved from /opt/airflow/dags/crawling.py
[2023-09-20T12:02:04.273+0000] {logging_mixin.py:151} INFO - [2023-09-20T12:02:04.273+0000] {dag.py:2915} INFO - Sync 1 DAGs
[2023-09-20T12:02:04.285+0000] {logging_mixin.py:151} INFO - [2023-09-20T12:02:04.285+0000] {dag.py:3696} INFO - Setting next_dagrun for ptt_stock_web_crawling_v0 to 2023-09-19T00:00:00+00:00, run_after=2023-09-20T00:00:00+00:00
[2023-09-20T12:02:04.294+0000] {processor.py:179} INFO - Processing /opt/airflow/dags/crawling.py took 1.148 seconds
[2023-09-20T12:02:34.522+0000] {processor.py:157} INFO - Started process (PID=542) to work on /opt/airflow/dags/crawling.py
[2023-09-20T12:02:34.525+0000] {processor.py:829} INFO - Processing file /opt/airflow/dags/crawling.py for tasks to queue
[2023-09-20T12:02:34.526+0000] {logging_mixin.py:151} INFO - [2023-09-20T12:02:34.526+0000] {dagbag.py:539} INFO - Filling up the DagBag from /opt/airflow/dags/crawling.py
[2023-09-20T12:02:35.521+0000] {logging_mixin.py:151} INFO - +---------------------------------------------------------------------+
[2023-09-20T12:02:35.521+0000] {logging_mixin.py:151} INFO -   Welcome to MONPA: Multi-Objective NER POS Annotator for Chinese
[2023-09-20T12:02:35.521+0000] {logging_mixin.py:151} INFO - +---------------------------------------------------------------------+
[2023-09-20T12:02:35.535+0000] {logging_mixin.py:151} INFO - 已找到 model檔。Found model file.
[2023-09-20T12:02:35.611+0000] {processor.py:839} INFO - DAG(s) dict_keys(['ptt_stock_web_crawling_v0']) retrieved from /opt/airflow/dags/crawling.py
[2023-09-20T12:02:35.630+0000] {logging_mixin.py:151} INFO - [2023-09-20T12:02:35.630+0000] {dag.py:2915} INFO - Sync 1 DAGs
[2023-09-20T12:02:35.642+0000] {logging_mixin.py:151} INFO - [2023-09-20T12:02:35.642+0000] {dag.py:3696} INFO - Setting next_dagrun for ptt_stock_web_crawling_v0 to 2023-09-19T00:00:00+00:00, run_after=2023-09-20T00:00:00+00:00
[2023-09-20T12:02:35.659+0000] {processor.py:179} INFO - Processing /opt/airflow/dags/crawling.py took 1.138 seconds
[2023-09-20T12:03:05.737+0000] {processor.py:157} INFO - Started process (PID=575) to work on /opt/airflow/dags/crawling.py
[2023-09-20T12:03:05.739+0000] {processor.py:829} INFO - Processing file /opt/airflow/dags/crawling.py for tasks to queue
[2023-09-20T12:03:05.740+0000] {logging_mixin.py:151} INFO - [2023-09-20T12:03:05.740+0000] {dagbag.py:539} INFO - Filling up the DagBag from /opt/airflow/dags/crawling.py
[2023-09-20T12:03:06.869+0000] {logging_mixin.py:151} INFO - +---------------------------------------------------------------------+
[2023-09-20T12:03:06.869+0000] {logging_mixin.py:151} INFO -   Welcome to MONPA: Multi-Objective NER POS Annotator for Chinese
[2023-09-20T12:03:06.869+0000] {logging_mixin.py:151} INFO - +---------------------------------------------------------------------+
[2023-09-20T12:03:06.884+0000] {logging_mixin.py:151} INFO - 已找到 model檔。Found model file.
[2023-09-20T12:03:06.964+0000] {processor.py:839} INFO - DAG(s) dict_keys(['ptt_stock_web_crawling_v0']) retrieved from /opt/airflow/dags/crawling.py
[2023-09-20T12:03:06.981+0000] {logging_mixin.py:151} INFO - [2023-09-20T12:03:06.981+0000] {dag.py:2915} INFO - Sync 1 DAGs
[2023-09-20T12:03:06.992+0000] {logging_mixin.py:151} INFO - [2023-09-20T12:03:06.992+0000] {dag.py:3696} INFO - Setting next_dagrun for ptt_stock_web_crawling_v0 to 2023-09-19T00:00:00+00:00, run_after=2023-09-20T00:00:00+00:00
[2023-09-20T12:03:07.003+0000] {processor.py:179} INFO - Processing /opt/airflow/dags/crawling.py took 1.268 seconds
[2023-09-20T12:03:37.243+0000] {processor.py:157} INFO - Started process (PID=615) to work on /opt/airflow/dags/crawling.py
[2023-09-20T12:03:37.245+0000] {processor.py:829} INFO - Processing file /opt/airflow/dags/crawling.py for tasks to queue
[2023-09-20T12:03:37.247+0000] {logging_mixin.py:151} INFO - [2023-09-20T12:03:37.246+0000] {dagbag.py:539} INFO - Filling up the DagBag from /opt/airflow/dags/crawling.py
[2023-09-20T12:03:38.220+0000] {logging_mixin.py:151} INFO - +---------------------------------------------------------------------+
[2023-09-20T12:03:38.221+0000] {logging_mixin.py:151} INFO -   Welcome to MONPA: Multi-Objective NER POS Annotator for Chinese
[2023-09-20T12:03:38.221+0000] {logging_mixin.py:151} INFO - +---------------------------------------------------------------------+
[2023-09-20T12:03:38.235+0000] {logging_mixin.py:151} INFO - 已找到 model檔。Found model file.
[2023-09-20T12:03:38.314+0000] {processor.py:839} INFO - DAG(s) dict_keys(['ptt_stock_web_crawling_v0']) retrieved from /opt/airflow/dags/crawling.py
[2023-09-20T12:03:38.328+0000] {logging_mixin.py:151} INFO - [2023-09-20T12:03:38.328+0000] {dag.py:2915} INFO - Sync 1 DAGs
[2023-09-20T12:03:38.342+0000] {logging_mixin.py:151} INFO - [2023-09-20T12:03:38.342+0000] {dag.py:3696} INFO - Setting next_dagrun for ptt_stock_web_crawling_v0 to 2023-09-19T00:00:00+00:00, run_after=2023-09-20T00:00:00+00:00
[2023-09-20T12:03:38.351+0000] {processor.py:179} INFO - Processing /opt/airflow/dags/crawling.py took 1.110 seconds
[2023-09-20T12:04:08.588+0000] {processor.py:157} INFO - Started process (PID=648) to work on /opt/airflow/dags/crawling.py
[2023-09-20T12:04:08.591+0000] {processor.py:829} INFO - Processing file /opt/airflow/dags/crawling.py for tasks to queue
[2023-09-20T12:04:08.592+0000] {logging_mixin.py:151} INFO - [2023-09-20T12:04:08.592+0000] {dagbag.py:539} INFO - Filling up the DagBag from /opt/airflow/dags/crawling.py
[2023-09-20T12:04:09.584+0000] {logging_mixin.py:151} INFO - +---------------------------------------------------------------------+
[2023-09-20T12:04:09.584+0000] {logging_mixin.py:151} INFO -   Welcome to MONPA: Multi-Objective NER POS Annotator for Chinese
[2023-09-20T12:04:09.584+0000] {logging_mixin.py:151} INFO - +---------------------------------------------------------------------+
[2023-09-20T12:04:09.598+0000] {logging_mixin.py:151} INFO - 已找到 model檔。Found model file.
[2023-09-20T12:04:09.693+0000] {processor.py:839} INFO - DAG(s) dict_keys(['ptt_stock_web_crawling_v0']) retrieved from /opt/airflow/dags/crawling.py
[2023-09-20T12:04:09.709+0000] {logging_mixin.py:151} INFO - [2023-09-20T12:04:09.709+0000] {dag.py:2915} INFO - Sync 1 DAGs
[2023-09-20T12:04:09.720+0000] {logging_mixin.py:151} INFO - [2023-09-20T12:04:09.720+0000] {dag.py:3696} INFO - Setting next_dagrun for ptt_stock_web_crawling_v0 to 2023-09-19T00:00:00+00:00, run_after=2023-09-20T00:00:00+00:00
[2023-09-20T12:04:09.737+0000] {processor.py:179} INFO - Processing /opt/airflow/dags/crawling.py took 1.151 seconds
[2023-09-20T12:04:39.968+0000] {processor.py:157} INFO - Started process (PID=681) to work on /opt/airflow/dags/crawling.py
[2023-09-20T12:04:39.969+0000] {processor.py:829} INFO - Processing file /opt/airflow/dags/crawling.py for tasks to queue
[2023-09-20T12:04:39.970+0000] {logging_mixin.py:151} INFO - [2023-09-20T12:04:39.970+0000] {dagbag.py:539} INFO - Filling up the DagBag from /opt/airflow/dags/crawling.py
[2023-09-20T12:04:40.986+0000] {logging_mixin.py:151} INFO - +---------------------------------------------------------------------+
[2023-09-20T12:04:40.986+0000] {logging_mixin.py:151} INFO -   Welcome to MONPA: Multi-Objective NER POS Annotator for Chinese
[2023-09-20T12:04:40.986+0000] {logging_mixin.py:151} INFO - +---------------------------------------------------------------------+
[2023-09-20T12:04:41.000+0000] {logging_mixin.py:151} INFO - 已找到 model檔。Found model file.
[2023-09-20T12:04:41.080+0000] {processor.py:839} INFO - DAG(s) dict_keys(['ptt_stock_web_crawling_v0']) retrieved from /opt/airflow/dags/crawling.py
[2023-09-20T12:04:41.098+0000] {logging_mixin.py:151} INFO - [2023-09-20T12:04:41.098+0000] {dag.py:2915} INFO - Sync 1 DAGs
[2023-09-20T12:04:41.109+0000] {logging_mixin.py:151} INFO - [2023-09-20T12:04:41.109+0000] {dag.py:3696} INFO - Setting next_dagrun for ptt_stock_web_crawling_v0 to 2023-09-19T00:00:00+00:00, run_after=2023-09-20T00:00:00+00:00
[2023-09-20T12:04:41.128+0000] {processor.py:179} INFO - Processing /opt/airflow/dags/crawling.py took 1.162 seconds
[2023-09-20T12:05:11.223+0000] {processor.py:157} INFO - Started process (PID=715) to work on /opt/airflow/dags/crawling.py
[2023-09-20T12:05:11.225+0000] {processor.py:829} INFO - Processing file /opt/airflow/dags/crawling.py for tasks to queue
[2023-09-20T12:05:11.227+0000] {logging_mixin.py:151} INFO - [2023-09-20T12:05:11.227+0000] {dagbag.py:539} INFO - Filling up the DagBag from /opt/airflow/dags/crawling.py
