[2023-09-18T15:16:39.988+0000] {taskinstance.py:1157} INFO - Dependencies all met for dep_context=non-requeueable deps ti=<TaskInstance: ptt_stock_web_crawling_v0.web_crawling manual__2023-09-18T15:16:38.544027+00:00 [queued]>
[2023-09-18T15:16:39.992+0000] {taskinstance.py:1157} INFO - Dependencies all met for dep_context=requeueable deps ti=<TaskInstance: ptt_stock_web_crawling_v0.web_crawling manual__2023-09-18T15:16:38.544027+00:00 [queued]>
[2023-09-18T15:16:39.992+0000] {taskinstance.py:1359} INFO - Starting attempt 1 of 2
[2023-09-18T15:16:39.998+0000] {taskinstance.py:1380} INFO - Executing <Task(PythonOperator): web_crawling> on 2023-09-18 15:16:38.544027+00:00
[2023-09-18T15:16:40.009+0000] {standard_task_runner.py:57} INFO - Started process 3850 to run task
[2023-09-18T15:16:40.011+0000] {standard_task_runner.py:84} INFO - Running: ['***', 'tasks', 'run', 'ptt_stock_web_crawling_v0', 'web_crawling', 'manual__2023-09-18T15:16:38.544027+00:00', '--job-id', '252', '--raw', '--subdir', 'DAGS_FOLDER/crawling.py', '--cfg-path', '/tmp/tmp2s733ctt']
[2023-09-18T15:16:40.012+0000] {standard_task_runner.py:85} INFO - Job 252: Subtask web_crawling
[2023-09-18T15:16:40.036+0000] {task_command.py:415} INFO - Running <TaskInstance: ptt_stock_web_crawling_v0.web_crawling manual__2023-09-18T15:16:38.544027+00:00 [running]> on host 329f58e34792
[2023-09-18T15:16:40.070+0000] {taskinstance.py:1660} INFO - Exporting env vars: AIRFLOW_CTX_DAG_OWNER='Angus Su' AIRFLOW_CTX_DAG_ID='ptt_stock_web_crawling_v0' AIRFLOW_CTX_TASK_ID='web_crawling' AIRFLOW_CTX_EXECUTION_DATE='2023-09-18T15:16:38.544027+00:00' AIRFLOW_CTX_TRY_NUMBER='1' AIRFLOW_CTX_DAG_RUN_ID='manual__2023-09-18T15:16:38.544027+00:00'
[2023-09-18T15:19:14.692+0000] {python.py:194} INFO - Done. Returned value was:                              title  ...                                            comment
0    Re: [新聞] 再度暫停申購 元大美債20年又達募集上限  ...          [你可以推文, 這篇可以退下了, 您的見解真精闢, 這樣也能一篇？是不會推文膩？]
1        [新聞] 台積電落難大殺台股147點 政府坐鎮護盤  ...  [國家隊繼續賺, 不坐鎮才奇怪吧, 現在先殺選前才有辦法拉啊幹（咦, 翻譯主委請你吃基本麵 ...
2    Re: [新聞] 台積電落難大殺台股147點 政府坐鎮護盤  ...  [黑手：你咬我, 半年後有重要的事 = =, 這是什麼廢文?, 萬六護盤又不是第一次...,...
3          [情報] 0918 上市櫃外資投信買超金額排行  ...  [光寶科很有機會噴出去, 1F真的好單純, 跟你的腦子一起噴出去了, 技術派VS籌碼派, 光...
4        [新聞] 美光科技買點到了？德銀：DRAM晶片價格  ...  [60塊就買惹, 一切都穩了, 好的 謝謝德意志, 99威剛 99十銓 99晶豪科 99南亞...
..                             ...  ...                                                ...
159       [新聞] 詐團新招！指導匯款遭阻要「生氣走人換別  ...  [宣導這麼多次，銀行也會關懷提問，會騙真的是活該, 一個字，貪, 笑鼠人 急著送錢, 這種詐...
160                    [情報] 8月 PPI  ...  [利空出盡！準備上萬七！00929噴上20！, 高了還不少 不是0.1 0.2了, 股價只好...
161        [新聞] 示警缺水　大摩：影響外資買台積電意願  ...  [https://i.imgur.com/4vdOsfS.jpg 彭博也懂釣魚, 吃貨文~這...
162        [情報] 0914 上市櫃外資投信買超金額排行  ...  [真的看不懂光寶科在玩什麼XD, 光寶科不是賣燒錄機嗎, 中了13檔@@ 法人不要過來舔好嗎...
163                   [情報] 歐央行升息一碼  ...  [噴, 跟進嗎, 下午盤 已反映, 屌 歐洲快被搞爆了 還是只能升息, 不管怎樣都噴, 補充...

[164 rows x 8 columns]
[2023-09-18T15:19:14.791+0000] {taskinstance.py:1398} INFO - Marking task as SUCCESS. dag_id=ptt_stock_web_crawling_v0, task_id=web_crawling, execution_date=20230918T151638, start_date=20230918T151639, end_date=20230918T151914
[2023-09-18T15:19:14.819+0000] {local_task_job_runner.py:228} INFO - Task exited with return code 0
[2023-09-18T15:19:14.836+0000] {taskinstance.py:2776} INFO - 1 downstream tasks scheduled from follow-on schedule check
