[2023-09-19T05:48:02.506+0000] {taskinstance.py:1157} INFO - Dependencies all met for dep_context=non-requeueable deps ti=<TaskInstance: ptt_stock_web_crawling_v0.chunkdata manual__2023-09-19T05:44:45.012706+00:00 [queued]>
[2023-09-19T05:48:02.510+0000] {taskinstance.py:1157} INFO - Dependencies all met for dep_context=requeueable deps ti=<TaskInstance: ptt_stock_web_crawling_v0.chunkdata manual__2023-09-19T05:44:45.012706+00:00 [queued]>
[2023-09-19T05:48:02.510+0000] {taskinstance.py:1359} INFO - Starting attempt 1 of 2
[2023-09-19T05:48:02.516+0000] {taskinstance.py:1380} INFO - Executing <Task(PythonOperator): chunkdata> on 2023-09-19 05:44:45.012706+00:00
[2023-09-19T05:48:02.526+0000] {standard_task_runner.py:57} INFO - Started process 17421 to run task
[2023-09-19T05:48:02.528+0000] {standard_task_runner.py:84} INFO - Running: ['***', 'tasks', 'run', 'ptt_stock_web_crawling_v0', 'chunkdata', 'manual__2023-09-19T05:44:45.012706+00:00', '--job-id', '259', '--raw', '--subdir', 'DAGS_FOLDER/crawling.py', '--cfg-path', '/tmp/tmpmxn44c4e']
[2023-09-19T05:48:02.530+0000] {standard_task_runner.py:85} INFO - Job 259: Subtask chunkdata
[2023-09-19T05:48:02.551+0000] {task_command.py:415} INFO - Running <TaskInstance: ptt_stock_web_crawling_v0.chunkdata manual__2023-09-19T05:44:45.012706+00:00 [running]> on host 329f58e34792
[2023-09-19T05:48:02.585+0000] {taskinstance.py:1660} INFO - Exporting env vars: AIRFLOW_CTX_DAG_OWNER='Angus Su' AIRFLOW_CTX_DAG_ID='ptt_stock_web_crawling_v0' AIRFLOW_CTX_TASK_ID='chunkdata' AIRFLOW_CTX_EXECUTION_DATE='2023-09-19T05:44:45.012706+00:00' AIRFLOW_CTX_TRY_NUMBER='1' AIRFLOW_CTX_DAG_RUN_ID='manual__2023-09-19T05:44:45.012706+00:00'
[2023-09-19T05:48:02.625+0000] {logging_mixin.py:151} INFO - 資料處理
[2023-09-19T05:48:02.637+0000] {logging_mixin.py:151} INFO -      index  ...                                            comment
0       0  ...  [可惜只有30天, 可惜只有30天, 可惜只有30天, 可惜只有30天, yu byebye...
1       1  ...  [這就是台灣，早就該管收, 幾十年來漏洞，政客都在放水, 有看過日韓法律被這樣搞嗎，真的落後...
2       2  ...  [今天看來要大漲囉, 生技元年, 熟悉的生技炒法最對味, 生技利多又上報，走勢你我都知道，看...
3       3  ...  [早, 丸子, 穩了 = =, QQ, 同分同秒發 算誰贏, 大爆噴 cc, 晴雯出馬 空空...
4       5  ...  [id錯誤, BI  CI DIE, 別再.....說了...., 算力增加,可以把目前智障...
5       6  ...  [出貨文, 新聞來了!!, 不是說會退色嗎, 都漲一根上去了 還是買大哥安全點, 鈦屌了, ...
6       7  ...  [你可以推文, 50收, 抄底了啦 嘎死空軍, 可憐吶, 彎腰撿鑽石囉, 當作閒聊版。。。。...
7       8  ...  [fu糗, 我看你是不懂fu糗, 炒作沒有理由 超漲很正常, 人家看到10年後了,你還在看去...
8       9  ...  [中捷太貴我賠不起, 噴爛, 噴噴, 想到基泰 一堆人說要跌到下市 又笑出來了, 噴!前陣子...
9      10  ...  [正2, 費用便宜的, 你會問這個問題 就只推6208, 哲哲反2, 正二，維持50%現金5...
10     11  ...  [圍魏救趙再度重演, 只有抽籤的人賺到XD 還敢說漲24%, 哪來的主力出貨，不就是中籤的脫...
11     12  ...  [沒單說個X巴, 不要發廢文 = =, 敦泰趙子龍何在？, 敦泰也蹲太久了, 師傅：不是我 ...
12     13  ...  [才幾張 隨便就被吃光了, 到時一定先賣再說, 這張數其實很少　真的會跌跟這個賣壓也沒關係,...
13     14  ...  [那TQQQ怎麼辦, 美國還是趕快結束烏俄戰爭 回頭處理內部問題吧, 我猜今年都不會停止升息...
14     15  ...  [AZ概念, AI晶片都供不應求，為何不多製造一些AI晶片啊？讓, 產能空置在那？, 13兆...
15     16  ...  [賣在391覺得全身舒暢, 越攤越平來這吹哨壯膽, 至少也打完底再買..., 畢業文還沒出現...
16     17  ...                                [-70, 一樓-70+50=-20]
17     18  ...  [金管會認證信仰流, 它不就說了  抽檢, 陳先生您好, 第一次看到欸 神奇, 陳言x先生 ...

[18 rows x 9 columns]
[2023-09-19T05:48:02.661+0000] {python.py:194} INFO - Done. Returned value was:     index  ...                                              chunk
0       0  ...  [[公告] 09/19水桶公告主旨：水桶公告\n\n案號：一一二年股簡字第九零七號\n\n說...
1       1  ...  [[新聞] 【朱國榮逃亡內幕1】為潛逃神布局 朱國榮原文標題：\n\n【朱國榮逃亡內幕1】為...
2       2  ...  [[新聞] 上市前夕…鑽石生技宣布結盟諦醫攻新藥原文標題：上市前夕…鑽石生技宣布結盟諦醫攻新...
3       3  ...  [[閒聊] 2023/09/19 盤中閒聊\n==============112/09/19...
4       5  ...  [[新聞] AI需求大 林百里：訂單不愁原文標題：\n\nAI需求大 林百里：訂單不愁\n\...
5       6  ...  [[新聞] iPhone 15 Pro「鈦」潮掀機殼革命 鴻準扮演關鍵角色原文標題：iPho...
6       7  ...  [[心得] 緯創跌破百元了.現價98.1終於看到緯創跌破百元，\n想說毛利鳥不拉機大約6%\...
7       8  ...  [Re: [心得] 緯創跌破百元了.現價98.1緯創\n算是今年最看不懂的股之一\n一年走勢...
8       9  ...  [[情報] 興富發針對媒體報導台中市建案復工說明1. 標題：興富發針對媒體報導台中市建案復工...
9      10  ...  [[請益] 請問大盤型ETF應該怎麼挑?版上先進們好\n\n一個月可以花兩萬的錢在投資上\n...
10     11  ...  [[新聞] 首家永續型創投上市 鑽石投資飆漲24%\n\n原文標題：《其他股》首家永續型創投...
11     12  ...  [[標的] 電子股終究要看敦泰嗎敦泰在上個月跌破7開頭後\n\n整個九月就一路向上\n\n搭...
12     13  ...  [[心得] Re: [心得] 緯創跌破百元了.現價98.1聽說啦\n緯創今年年中分紅難得又恢...
13     14  ...  [Re: [新聞] 調查：Fed可能將再度升息 並且不只一次: 推 aegis43210  ...
14     15  ...  [[新聞] 台積電市值 面臨14兆元保衛戰原文標題：\n\n台積電市值 面臨14兆元保衛戰\...
15     16  ...  [[標的] 3017.TW 奇鈜 幫助AI多\n1. 標的： 3017.TW 奇鈜     ...
16     17  ...  [[情報] 4155 訊映 現金增資公開申購資訊1. 標題 4155 訊映 現金增資公開申購...
17     18  ...  [[請益] 第一次看抽檢理財節目之異常推介股是這樣的啦，\n股市兩大老師分別有各自必勝法門，...

[18 rows x 11 columns]
[2023-09-19T05:48:02.698+0000] {taskinstance.py:1398} INFO - Marking task as SUCCESS. dag_id=ptt_stock_web_crawling_v0, task_id=chunkdata, execution_date=20230919T054445, start_date=20230919T054802, end_date=20230919T054802
[2023-09-19T05:48:02.740+0000] {local_task_job_runner.py:228} INFO - Task exited with return code 0
[2023-09-19T05:48:02.757+0000] {taskinstance.py:2776} INFO - 1 downstream tasks scheduled from follow-on schedule check
